<?xml version="1.0" encoding="UTF-8"?>
<coverage generated="1726149078642" clover="3.2.0">
  <project timestamp="1726149078642" name="All files">
    <metrics statements="791" coveredstatements="201" conditionals="188" coveredconditionals="9" methods="94" coveredmethods="20" elements="1073" coveredelements="230" complexity="0" loc="791" ncloc="791" packages="3" files="12" classes="12"/>
    <package name="backupermed">
      <metrics statements="705" coveredstatements="122" conditionals="180" coveredconditionals="7" methods="74" coveredmethods="2"/>
      <file name="app.js" path="/Users/pierre-richardpascal/boss/back/backupermed/app.js">
        <metrics statements="705" coveredstatements="122" conditionals="180" coveredconditionals="7" methods="74" coveredmethods="2"/>
        <line num="1" count="2" type="stmt"/>
        <line num="2" count="2" type="stmt"/>
        <line num="3" count="2" type="stmt"/>
        <line num="4" count="2" type="stmt"/>
        <line num="5" count="2" type="stmt"/>
        <line num="6" count="2" type="stmt"/>
        <line num="7" count="2" type="stmt"/>
        <line num="8" count="2" type="stmt"/>
        <line num="9" count="2" type="stmt"/>
        <line num="10" count="2" type="stmt"/>
        <line num="11" count="2" type="stmt"/>
        <line num="12" count="2" type="stmt"/>
        <line num="13" count="2" type="stmt"/>
        <line num="14" count="2" type="stmt"/>
        <line num="15" count="2" type="stmt"/>
        <line num="16" count="2" type="stmt"/>
        <line num="17" count="2" type="stmt"/>
        <line num="18" count="2" type="stmt"/>
        <line num="20" count="2" type="stmt"/>
        <line num="21" count="2" type="stmt"/>
        <line num="24" count="2" type="stmt"/>
        <line num="25" count="2" type="stmt"/>
        <line num="28" count="2" type="stmt"/>
        <line num="30" count="0" type="stmt"/>
        <line num="32" count="0" type="stmt"/>
        <line num="33" count="0" type="cond" truecount="0" falsecount="3"/>
        <line num="36" count="0" type="cond" truecount="0" falsecount="4"/>
        <line num="37" count="0" type="stmt"/>
        <line num="40" count="0" type="stmt"/>
        <line num="43" count="0" type="stmt"/>
        <line num="44" count="0" type="stmt"/>
        <line num="45" count="0" type="stmt"/>
        <line num="48" count="0" type="stmt"/>
        <line num="49" count="0" type="stmt"/>
        <line num="50" count="0" type="stmt"/>
        <line num="51" count="0" type="stmt"/>
        <line num="54" count="0" type="cond" truecount="0" falsecount="2"/>
        <line num="55" count="0" type="stmt"/>
        <line num="57" count="0" type="stmt"/>
        <line num="60" count="0" type="stmt"/>
        <line num="61" count="0" type="stmt"/>
        <line num="62" count="0" type="stmt"/>
        <line num="67" count="2" type="stmt"/>
        <line num="69" count="0" type="stmt"/>
        <line num="70" count="0" type="cond" truecount="0" falsecount="2"/>
        <line num="72" count="0" type="cond" truecount="0" falsecount="2"/>
        <line num="73" count="0" type="stmt"/>
        <line num="75" count="0" type="stmt"/>
        <line num="80" count="2" type="stmt"/>
        <line num="85" count="2" type="stmt"/>
        <line num="93" count="2" type="stmt"/>
        <line num="96" count="2" type="stmt"/>
        <line num="99" count="2" type="stmt"/>
        <line num="101" count="0" type="stmt"/>
        <line num="102" count="0" type="stmt"/>
        <line num="103" count="0" type="stmt"/>
        <line num="104" count="0" type="cond" truecount="0" falsecount="2"/>
        <line num="105" count="0" type="stmt"/>
        <line num="108" count="0" type="stmt"/>
        <line num="109" count="0" type="stmt"/>
        <line num="110" count="0" type="cond" truecount="0" falsecount="2"/>
        <line num="111" count="0" type="stmt"/>
        <line num="114" count="0" type="stmt"/>
        <line num="115" count="0" type="cond" truecount="0" falsecount="2"/>
        <line num="116" count="0" type="stmt"/>
        <line num="119" count="0" type="stmt"/>
        <line num="120" count="0" type="stmt"/>
        <line num="123" count="0" type="stmt"/>
        <line num="124" count="0" type="stmt"/>
        <line num="126" count="0" type="stmt"/>
        <line num="130" count="0" type="stmt"/>
        <line num="131" count="0" type="stmt"/>
        <line num="132" count="0" type="stmt"/>
        <line num="133" count="0" type="stmt"/>
        <line num="134" count="0" type="stmt"/>
        <line num="138" count="2" type="stmt"/>
        <line num="150" count="2" type="stmt"/>
        <line num="151" count="2" type="stmt"/>
        <line num="152" count="2" type="stmt"/>
        <line num="153" count="2" type="stmt"/>
        <line num="154" count="2" type="stmt"/>
        <line num="156" count="2" type="stmt"/>
        <line num="157" count="2" type="stmt"/>
        <line num="158" count="2" type="stmt"/>
        <line num="168" count="0" type="stmt"/>
        <line num="169" count="0" type="cond" truecount="0" falsecount="2"/>
        <line num="171" count="0" type="cond" truecount="0" falsecount="2"/>
        <line num="172" count="0" type="stmt"/>
        <line num="175" count="0" type="stmt"/>
        <line num="176" count="0" type="cond" truecount="0" falsecount="2"/>
        <line num="177" count="0" type="stmt"/>
        <line num="178" count="0" type="stmt"/>
        <line num="181" count="0" type="stmt"/>
        <line num="182" count="0" type="stmt"/>
        <line num="189" count="0" type="stmt"/>
        <line num="190" count="0" type="stmt"/>
        <line num="191" count="0" type="stmt"/>
        <line num="192" count="0" type="stmt"/>
        <line num="193" count="0" type="stmt"/>
        <line num="195" count="0" type="stmt"/>
        <line num="200" count="0" type="stmt"/>
        <line num="208" count="0" type="stmt"/>
        <line num="209" count="0" type="cond" truecount="0" falsecount="2"/>
        <line num="210" count="0" type="stmt"/>
        <line num="211" count="0" type="stmt"/>
        <line num="215" count="0" type="stmt"/>
        <line num="220" count="0" type="stmt"/>
        <line num="221" count="0" type="stmt"/>
        <line num="228" count="0" type="stmt"/>
        <line num="230" count="0" type="stmt"/>
        <line num="236" count="2" type="cond" truecount="0" falsecount="2"/>
        <line num="237" count="2" type="stmt"/>
        <line num="238" count="0" type="stmt"/>
        <line num="239" count="0" type="stmt"/>
        <line num="240" count="0" type="stmt"/>
        <line num="241" count="0" type="stmt"/>
        <line num="242" count="0" type="stmt"/>
        <line num="243" count="0" type="stmt"/>
        <line num="245" count="0" type="stmt"/>
        <line num="248" count="2" type="stmt"/>
        <line num="249" count="0" type="stmt"/>
        <line num="251" count="0" type="stmt"/>
        <line num="257" count="0" type="stmt"/>
        <line num="259" count="0" type="stmt"/>
        <line num="263" count="2" type="stmt"/>
        <line num="264" count="4" type="stmt"/>
        <line num="265" count="4" type="stmt"/>
        <line num="266" count="4" type="stmt"/>
        <line num="268" count="4" type="stmt"/>
        <line num="269" count="3" type="stmt"/>
        <line num="271" count="3" type="cond" truecount="2" falsecount="0"/>
        <line num="272" count="1" type="stmt"/>
        <line num="275" count="2" type="stmt"/>
        <line num="276" count="2" type="stmt"/>
        <line num="278" count="2" type="cond" truecount="2" falsecount="0"/>
        <line num="279" count="1" type="stmt"/>
        <line num="282" count="1" type="stmt"/>
        <line num="283" count="1" type="stmt"/>
        <line num="285" count="1" type="stmt"/>
        <line num="290" count="1" type="stmt"/>
        <line num="292" count="1" type="stmt"/>
        <line num="294" count="1" type="stmt"/>
        <line num="295" count="1" type="stmt"/>
        <line num="300" count="2" type="stmt"/>
        <line num="301" count="0" type="stmt"/>
        <line num="302" count="0" type="stmt"/>
        <line num="304" count="0" type="stmt"/>
        <line num="305" count="0" type="cond" truecount="0" falsecount="2"/>
        <line num="306" count="0" type="stmt"/>
        <line num="309" count="0" type="stmt"/>
        <line num="310" count="0" type="stmt"/>
        <line num="315" count="0" type="stmt"/>
        <line num="316" count="0" type="stmt"/>
        <line num="317" count="0" type="stmt"/>
        <line num="318" count="0" type="stmt"/>
        <line num="319" count="0" type="stmt"/>
        <line num="320" count="0" type="stmt"/>
        <line num="325" count="0" type="stmt"/>
        <line num="326" count="0" type="stmt"/>
        <line num="328" count="0" type="stmt"/>
        <line num="332" count="2" type="stmt"/>
        <line num="333" count="0" type="stmt"/>
        <line num="334" count="0" type="stmt"/>
        <line num="335" count="0" type="stmt"/>
        <line num="337" count="0" type="cond" truecount="0" falsecount="4"/>
        <line num="339" count="0" type="cond" truecount="0" falsecount="2"/>
        <line num="340" count="0" type="stmt"/>
        <line num="342" count="0" type="stmt"/>
        <line num="360" count="0" type="stmt"/>
        <line num="362" count="0" type="stmt"/>
        <line num="366" count="2" type="stmt"/>
        <line num="367" count="0" type="stmt"/>
        <line num="368" count="0" type="stmt"/>
        <line num="370" count="0" type="stmt"/>
        <line num="372" count="0" type="stmt"/>
        <line num="375" count="0" type="cond" truecount="0" falsecount="2"/>
        <line num="376" count="0" type="stmt"/>
        <line num="380" count="0" type="stmt"/>
        <line num="401" count="0" type="stmt"/>
        <line num="403" count="0" type="stmt"/>
        <line num="404" count="0" type="stmt"/>
        <line num="410" count="2" type="stmt"/>
        <line num="411" count="0" type="stmt"/>
        <line num="412" count="0" type="stmt"/>
        <line num="415" count="0" type="stmt"/>
        <line num="416" count="0" type="cond" truecount="0" falsecount="2"/>
        <line num="417" count="0" type="stmt"/>
        <line num="420" count="0" type="stmt"/>
        <line num="423" count="0" type="stmt"/>
        <line num="428" count="0" type="stmt"/>
        <line num="430" count="0" type="stmt"/>
        <line num="435" count="2" type="stmt"/>
        <line num="436" count="0" type="stmt"/>
        <line num="437" count="0" type="stmt"/>
        <line num="440" count="0" type="stmt"/>
        <line num="441" count="0" type="cond" truecount="0" falsecount="2"/>
        <line num="442" count="0" type="stmt"/>
        <line num="445" count="0" type="stmt"/>
        <line num="449" count="0" type="stmt"/>
        <line num="451" count="0" type="stmt"/>
        <line num="455" count="2" type="stmt"/>
        <line num="456" count="0" type="stmt"/>
        <line num="457" count="0" type="stmt"/>
        <line num="458" count="0" type="stmt"/>
        <line num="460" count="0" type="stmt"/>
        <line num="461" count="0" type="cond" truecount="0" falsecount="2"/>
        <line num="462" count="0" type="stmt"/>
        <line num="465" count="0" type="stmt"/>
        <line num="466" count="0" type="cond" truecount="0" falsecount="2"/>
        <line num="467" count="0" type="stmt"/>
        <line num="470" count="0" type="stmt"/>
        <line num="478" count="0" type="stmt"/>
        <line num="480" count="0" type="stmt"/>
        <line num="484" count="2" type="stmt"/>
        <line num="485" count="0" type="stmt"/>
        <line num="486" count="0" type="stmt"/>
        <line num="487" count="0" type="stmt"/>
        <line num="489" count="0" type="stmt"/>
        <line num="490" count="0" type="cond" truecount="0" falsecount="2"/>
        <line num="491" count="0" type="stmt"/>
        <line num="494" count="0" type="stmt"/>
        <line num="495" count="0" type="cond" truecount="0" falsecount="2"/>
        <line num="496" count="0" type="stmt"/>
        <line num="499" count="0" type="stmt"/>
        <line num="509" count="0" type="stmt"/>
        <line num="511" count="0" type="stmt"/>
        <line num="517" count="2" type="stmt"/>
        <line num="518" count="0" type="stmt"/>
        <line num="519" count="0" type="stmt"/>
        <line num="521" count="0" type="cond" truecount="0" falsecount="2"/>
        <line num="522" count="0" type="stmt"/>
        <line num="523" count="0" type="cond" truecount="0" falsecount="2"/>
        <line num="525" count="0" type="stmt"/>
        <line num="528" count="0" type="stmt"/>
        <line num="560" count="0" type="stmt"/>
        <line num="562" count="0" type="stmt"/>
        <line num="568" count="2" type="stmt"/>
        <line num="570" count="0" type="stmt"/>
        <line num="571" count="0" type="stmt"/>
        <line num="572" count="0" type="stmt"/>
        <line num="573" count="0" type="stmt"/>
        <line num="574" count="0" type="stmt"/>
        <line num="575" count="0" type="stmt"/>
        <line num="576" count="0" type="stmt"/>
        <line num="577" count="0" type="stmt"/>
        <line num="582" count="0" type="stmt"/>
        <line num="583" count="0" type="stmt"/>
        <line num="588" count="0" type="stmt"/>
        <line num="590" count="0" type="stmt"/>
        <line num="594" count="2" type="stmt"/>
        <line num="595" count="0" type="stmt"/>
        <line num="596" count="0" type="stmt"/>
        <line num="597" count="0" type="stmt"/>
        <line num="598" count="0" type="stmt"/>
        <line num="599" count="0" type="stmt"/>
        <line num="600" count="0" type="stmt"/>
        <line num="605" count="0" type="stmt"/>
        <line num="607" count="0" type="stmt"/>
        <line num="612" count="0" type="stmt"/>
        <line num="614" count="0" type="stmt"/>
        <line num="620" count="2" type="stmt"/>
        <line num="621" count="0" type="stmt"/>
        <line num="622" count="0" type="stmt"/>
        <line num="623" count="0" type="stmt"/>
        <line num="636" count="0" type="stmt"/>
        <line num="640" count="2" type="stmt"/>
        <line num="641" count="0" type="stmt"/>
        <line num="642" count="0" type="stmt"/>
        <line num="645" count="0" type="cond" truecount="0" falsecount="2"/>
        <line num="646" count="0" type="stmt"/>
        <line num="651" count="0" type="stmt"/>
        <line num="659" count="0" type="stmt"/>
        <line num="663" count="0" type="stmt"/>
        <line num="667" count="0" type="stmt"/>
        <line num="671" count="2" type="stmt"/>
        <line num="672" count="0" type="stmt"/>
        <line num="673" count="0" type="stmt"/>
        <line num="685" count="0" type="stmt"/>
        <line num="689" count="0" type="stmt"/>
        <line num="693" count="2" type="stmt"/>
        <line num="694" count="0" type="stmt"/>
        <line num="695" count="0" type="stmt"/>
        <line num="699" count="0" type="stmt"/>
        <line num="703" count="0" type="stmt"/>
        <line num="708" count="2" type="stmt"/>
        <line num="709" count="0" type="stmt"/>
        <line num="710" count="0" type="stmt"/>
        <line num="714" count="0" type="stmt"/>
        <line num="718" count="0" type="stmt"/>
        <line num="723" count="2" type="stmt"/>
        <line num="724" count="0" type="stmt"/>
        <line num="726" count="0" type="stmt"/>
        <line num="728" count="0" type="stmt"/>
        <line num="730" count="0" type="stmt"/>
        <line num="731" count="0" type="stmt"/>
        <line num="732" count="0" type="cond" truecount="0" falsecount="2"/>
        <line num="733" count="0" type="stmt"/>
        <line num="737" count="0" type="stmt"/>
        <line num="743" count="0" type="stmt"/>
        <line num="746" count="0" type="stmt"/>
        <line num="748" count="0" type="stmt"/>
        <line num="753" count="2" type="stmt"/>
        <line num="754" count="0" type="stmt"/>
        <line num="755" count="0" type="stmt"/>
        <line num="756" count="0" type="stmt"/>
        <line num="765" count="0" type="cond" truecount="0" falsecount="2"/>
        <line num="766" count="0" type="stmt"/>
        <line num="770" count="0" type="stmt"/>
        <line num="773" count="0" type="stmt"/>
        <line num="782" count="0" type="stmt"/>
        <line num="784" count="0" type="stmt"/>
        <line num="790" count="2" type="stmt"/>
        <line num="791" count="3" type="stmt"/>
        <line num="792" count="3" type="stmt"/>
        <line num="793" count="3" type="stmt"/>
        <line num="794" count="3" type="stmt"/>
        <line num="795" count="2" type="stmt"/>
        <line num="796" count="2" type="stmt"/>
        <line num="797" count="2" type="cond" truecount="2" falsecount="0"/>
        <line num="798" count="1" type="stmt"/>
        <line num="806" count="1" type="stmt"/>
        <line num="822" count="1" type="cond" truecount="1" falsecount="1"/>
        <line num="823" count="0" type="stmt"/>
        <line num="824" count="0" type="stmt"/>
        <line num="826" count="0" type="stmt"/>
        <line num="841" count="0" type="stmt"/>
        <line num="848" count="1" type="stmt"/>
        <line num="850" count="1" type="stmt"/>
        <line num="851" count="1" type="stmt"/>
        <line num="855" count="2" type="stmt"/>
        <line num="856" count="0" type="stmt"/>
        <line num="857" count="0" type="stmt"/>
        <line num="858" count="0" type="stmt"/>
        <line num="859" count="0" type="cond" truecount="0" falsecount="4"/>
        <line num="860" count="0" type="stmt"/>
        <line num="861" count="0" type="stmt"/>
        <line num="863" count="0" type="stmt"/>
        <line num="866" count="0" type="stmt"/>
        <line num="867" count="0" type="stmt"/>
        <line num="871" count="2" type="stmt"/>
        <line num="872" count="0" type="stmt"/>
        <line num="873" count="0" type="stmt"/>
        <line num="876" count="0" type="stmt"/>
        <line num="878" count="0" type="cond" truecount="0" falsecount="2"/>
        <line num="879" count="0" type="stmt"/>
        <line num="884" count="0" type="stmt"/>
        <line num="889" count="0" type="stmt"/>
        <line num="891" count="0" type="stmt"/>
        <line num="892" count="0" type="stmt"/>
        <line num="898" count="2" type="stmt"/>
        <line num="899" count="0" type="cond" truecount="0" falsecount="2"/>
        <line num="900" count="0" type="stmt"/>
        <line num="901" count="0" type="stmt"/>
        <line num="902" count="0" type="stmt"/>
        <line num="903" count="0" type="stmt"/>
        <line num="911" count="0" type="stmt"/>
        <line num="913" count="0" type="stmt"/>
        <line num="916" count="0" type="stmt"/>
        <line num="921" count="2" type="stmt"/>
        <line num="922" count="0" type="cond" truecount="0" falsecount="2"/>
        <line num="923" count="0" type="stmt"/>
        <line num="924" count="0" type="stmt"/>
        <line num="925" count="0" type="stmt"/>
        <line num="926" count="0" type="stmt"/>
        <line num="934" count="0" type="stmt"/>
        <line num="936" count="0" type="stmt"/>
        <line num="939" count="0" type="stmt"/>
        <line num="945" count="2" type="stmt"/>
        <line num="946" count="0" type="cond" truecount="0" falsecount="2"/>
        <line num="947" count="0" type="stmt"/>
        <line num="948" count="0" type="stmt"/>
        <line num="949" count="0" type="cond" truecount="0" falsecount="2"/>
        <line num="950" count="0" type="stmt"/>
        <line num="952" count="0" type="stmt"/>
        <line num="953" count="0" type="stmt"/>
        <line num="954" count="0" type="stmt"/>
        <line num="960" count="0" type="stmt"/>
        <line num="962" count="0" type="stmt"/>
        <line num="965" count="0" type="stmt"/>
        <line num="970" count="2" type="stmt"/>
        <line num="971" count="0" type="cond" truecount="0" falsecount="2"/>
        <line num="972" count="0" type="stmt"/>
        <line num="973" count="0" type="stmt"/>
        <line num="974" count="0" type="stmt"/>
        <line num="975" count="0" type="stmt"/>
        <line num="976" count="0" type="stmt"/>
        <line num="983" count="0" type="stmt"/>
        <line num="985" count="0" type="stmt"/>
        <line num="988" count="0" type="stmt"/>
        <line num="993" count="2" type="stmt"/>
        <line num="994" count="0" type="cond" truecount="0" falsecount="2"/>
        <line num="995" count="0" type="stmt"/>
        <line num="996" count="0" type="stmt"/>
        <line num="999" count="0" type="cond" truecount="0" falsecount="4"/>
        <line num="1000" count="0" type="stmt"/>
        <line num="1004" count="0" type="stmt"/>
        <line num="1010" count="0" type="stmt"/>
        <line num="1015" count="0" type="stmt"/>
        <line num="1021" count="0" type="stmt"/>
        <line num="1023" count="0" type="stmt"/>
        <line num="1026" count="0" type="stmt"/>
        <line num="1031" count="2" type="stmt"/>
        <line num="1032" count="0" type="cond" truecount="0" falsecount="2"/>
        <line num="1033" count="0" type="stmt"/>
        <line num="1034" count="0" type="stmt"/>
        <line num="1037" count="0" type="stmt"/>
        <line num="1043" count="0" type="cond" truecount="0" falsecount="2"/>
        <line num="1044" count="0" type="stmt"/>
        <line num="1051" count="0" type="stmt"/>
        <line num="1053" count="0" type="stmt"/>
        <line num="1056" count="0" type="stmt"/>
        <line num="1060" count="2" type="stmt"/>
        <line num="1061" count="0" type="cond" truecount="0" falsecount="3"/>
        <line num="1063" count="0" type="stmt"/>
        <line num="1064" count="0" type="stmt"/>
        <line num="1077" count="0" type="stmt"/>
        <line num="1079" count="0" type="stmt"/>
        <line num="1081" count="0" type="stmt"/>
        <line num="1083" count="0" type="stmt"/>
        <line num="1084" count="0" type="stmt"/>
        <line num="1089" count="0" type="stmt"/>
        <line num="1091" count="0" type="stmt"/>
        <line num="1093" count="0" type="stmt"/>
        <line num="1096" count="0" type="stmt"/>
        <line num="1097" count="0" type="stmt"/>
        <line num="1102" count="2" type="stmt"/>
        <line num="1103" count="0" type="stmt"/>
        <line num="1104" count="0" type="stmt"/>
        <line num="1105" count="0" type="stmt"/>
        <line num="1106" count="0" type="cond" truecount="0" falsecount="4"/>
        <line num="1108" count="0" type="stmt"/>
        <line num="1109" count="0" type="stmt"/>
        <line num="1122" count="0" type="stmt"/>
        <line num="1127" count="0" type="stmt"/>
        <line num="1129" count="0" type="stmt"/>
        <line num="1131" count="0" type="stmt"/>
        <line num="1134" count="0" type="stmt"/>
        <line num="1135" count="0" type="stmt"/>
        <line num="1143" count="0" type="stmt"/>
        <line num="1145" count="0" type="stmt"/>
        <line num="1147" count="0" type="stmt"/>
        <line num="1149" count="0" type="stmt"/>
        <line num="1151" count="0" type="stmt"/>
        <line num="1176" count="0" type="stmt"/>
        <line num="1184" count="0" type="stmt"/>
        <line num="1186" count="0" type="stmt"/>
        <line num="1188" count="0" type="stmt"/>
        <line num="1191" count="0" type="stmt"/>
        <line num="1192" count="0" type="stmt"/>
        <line num="1200" count="2" type="stmt"/>
        <line num="1201" count="0" type="stmt"/>
        <line num="1202" count="0" type="stmt"/>
        <line num="1203" count="0" type="stmt"/>
        <line num="1204" count="0" type="cond" truecount="0" falsecount="4"/>
        <line num="1206" count="0" type="stmt"/>
        <line num="1207" count="0" type="stmt"/>
        <line num="1220" count="0" type="stmt"/>
        <line num="1225" count="0" type="stmt"/>
        <line num="1227" count="0" type="stmt"/>
        <line num="1229" count="0" type="stmt"/>
        <line num="1232" count="0" type="stmt"/>
        <line num="1233" count="0" type="stmt"/>
        <line num="1241" count="0" type="stmt"/>
        <line num="1243" count="0" type="stmt"/>
        <line num="1245" count="0" type="stmt"/>
        <line num="1247" count="0" type="stmt"/>
        <line num="1249" count="0" type="stmt"/>
        <line num="1274" count="0" type="stmt"/>
        <line num="1282" count="0" type="stmt"/>
        <line num="1284" count="0" type="stmt"/>
        <line num="1286" count="0" type="stmt"/>
        <line num="1289" count="0" type="stmt"/>
        <line num="1290" count="0" type="stmt"/>
        <line num="1295" count="2" type="stmt"/>
        <line num="1296" count="0" type="stmt"/>
        <line num="1297" count="0" type="stmt"/>
        <line num="1299" count="0" type="stmt"/>
        <line num="1300" count="0" type="cond" truecount="0" falsecount="2"/>
        <line num="1301" count="0" type="stmt"/>
        <line num="1307" count="2" type="stmt"/>
        <line num="1311" count="0" type="cond" truecount="0" falsecount="2"/>
        <line num="1313" count="0" type="stmt"/>
        <line num="1314" count="0" type="cond" truecount="0" falsecount="2"/>
        <line num="1316" count="0" type="stmt"/>
        <line num="1319" count="0" type="stmt"/>
        <line num="1321" count="0" type="stmt"/>
        <line num="1323" count="0" type="stmt"/>
        <line num="1324" count="0" type="stmt"/>
        <line num="1334" count="0" type="stmt"/>
        <line num="1336" count="0" type="stmt"/>
        <line num="1341" count="2" type="stmt"/>
        <line num="1342" count="0" type="stmt"/>
        <line num="1344" count="0" type="stmt"/>
        <line num="1346" count="0" type="stmt"/>
        <line num="1348" count="0" type="cond" truecount="0" falsecount="2"/>
        <line num="1349" count="0" type="stmt"/>
        <line num="1353" count="0" type="cond" truecount="0" falsecount="4"/>
        <line num="1355" count="0" type="stmt"/>
        <line num="1356" count="0" type="cond" truecount="0" falsecount="2"/>
        <line num="1359" count="0" type="cond" truecount="0" falsecount="2"/>
        <line num="1360" count="0" type="stmt"/>
        <line num="1364" count="0" type="stmt"/>
        <line num="1368" count="0" type="cond" truecount="0" falsecount="2"/>
        <line num="1369" count="0" type="cond" truecount="0" falsecount="2"/>
        <line num="1370" count="0" type="cond" truecount="0" falsecount="2"/>
        <line num="1371" count="0" type="cond" truecount="0" falsecount="2"/>
        <line num="1372" count="0" type="cond" truecount="0" falsecount="2"/>
        <line num="1375" count="0" type="stmt"/>
        <line num="1377" count="0" type="stmt"/>
        <line num="1379" count="0" type="stmt"/>
        <line num="1384" count="2" type="stmt"/>
        <line num="1386" count="0" type="cond" truecount="0" falsecount="2"/>
        <line num="1388" count="0" type="stmt"/>
        <line num="1390" count="0" type="cond" truecount="0" falsecount="4"/>
        <line num="1391" count="0" type="stmt"/>
        <line num="1397" count="0" type="stmt"/>
        <line num="1405" count="0" type="cond" truecount="0" falsecount="2"/>
        <line num="1406" count="0" type="stmt"/>
        <line num="1409" count="0" type="stmt"/>
        <line num="1411" count="0" type="stmt"/>
        <line num="1415" count="2" type="stmt"/>
        <line num="1416" count="0" type="stmt"/>
        <line num="1417" count="0" type="stmt"/>
        <line num="1420" count="0" type="stmt"/>
        <line num="1428" count="0" type="stmt"/>
        <line num="1431" count="0" type="stmt"/>
        <line num="1443" count="0" type="stmt"/>
        <line num="1445" count="0" type="stmt"/>
        <line num="1457" count="0" type="stmt"/>
        <line num="1458" count="0" type="stmt"/>
        <line num="1462" count="2" type="stmt"/>
        <line num="1463" count="0" type="cond" truecount="0" falsecount="2"/>
        <line num="1464" count="0" type="stmt"/>
        <line num="1466" count="0" type="stmt"/>
        <line num="1467" count="0" type="stmt"/>
        <line num="1470" count="0" type="stmt"/>
        <line num="1476" count="0" type="stmt"/>
        <line num="1478" count="0" type="stmt"/>
        <line num="1479" count="0" type="stmt"/>
        <line num="1484" count="2" type="stmt"/>
        <line num="1485" count="0" type="cond" truecount="0" falsecount="2"/>
        <line num="1486" count="0" type="stmt"/>
        <line num="1489" count="0" type="stmt"/>
        <line num="1490" count="0" type="stmt"/>
        <line num="1493" count="0" type="stmt"/>
        <line num="1494" count="0" type="cond" truecount="0" falsecount="2"/>
        <line num="1495" count="0" type="stmt"/>
        <line num="1498" count="0" type="stmt"/>
        <line num="1499" count="0" type="stmt"/>
        <line num="1505" count="0" type="stmt"/>
        <line num="1514" count="0" type="cond" truecount="0" falsecount="2"/>
        <line num="1515" count="0" type="stmt"/>
        <line num="1517" count="0" type="stmt"/>
        <line num="1518" count="0" type="stmt"/>
        <line num="1519" count="0" type="stmt"/>
        <line num="1520" count="0" type="stmt"/>
        <line num="1526" count="0" type="stmt"/>
        <line num="1527" count="0" type="stmt"/>
        <line num="1530" count="0" type="stmt"/>
        <line num="1531" count="0" type="stmt"/>
        <line num="1536" count="2" type="stmt"/>
        <line num="1546" count="0" type="stmt"/>
        <line num="1547" count="0" type="stmt"/>
        <line num="1548" count="0" type="stmt"/>
        <line num="1549" count="0" type="stmt"/>
        <line num="1550" count="0" type="cond" truecount="0" falsecount="2"/>
        <line num="1552" count="0" type="stmt"/>
        <line num="1553" count="0" type="stmt"/>
        <line num="1555" count="0" type="stmt"/>
        <line num="1556" count="0" type="cond" truecount="0" falsecount="2"/>
        <line num="1558" count="0" type="stmt"/>
        <line num="1570" count="0" type="stmt"/>
        <line num="1577" count="0" type="stmt"/>
        <line num="1588" count="0" type="cond" truecount="0" falsecount="4"/>
        <line num="1590" count="0" type="stmt"/>
        <line num="1591" count="0" type="stmt"/>
        <line num="1593" count="0" type="cond" truecount="0" falsecount="2"/>
        <line num="1594" count="0" type="stmt"/>
        <line num="1598" count="0" type="stmt"/>
        <line num="1599" count="0" type="stmt"/>
        <line num="1604" count="0" type="stmt"/>
        <line num="1609" count="0" type="stmt"/>
        <line num="1618" count="0" type="stmt"/>
        <line num="1624" count="0" type="stmt"/>
        <line num="1625" count="0" type="stmt"/>
        <line num="1626" count="0" type="stmt"/>
        <line num="1631" count="0" type="stmt"/>
        <line num="1633" count="0" type="stmt"/>
        <line num="1639" count="0" type="stmt"/>
        <line num="1641" count="0" type="stmt"/>
        <line num="1642" count="0" type="stmt"/>
        <line num="1645" count="0" type="stmt"/>
        <line num="1646" count="0" type="stmt"/>
        <line num="1647" count="0" type="stmt"/>
        <line num="1652" count="0" type="stmt"/>
        <line num="1654" count="0" type="stmt"/>
        <line num="1660" count="0" type="stmt"/>
        <line num="1664" count="0" type="stmt"/>
        <line num="1665" count="0" type="stmt"/>
        <line num="1669" count="2" type="stmt"/>
        <line num="1671" count="0" type="stmt"/>
        <line num="1672" count="0" type="cond" truecount="0" falsecount="2"/>
        <line num="1673" count="0" type="stmt"/>
        <line num="1676" count="0" type="stmt"/>
        <line num="1677" count="0" type="cond" truecount="0" falsecount="2"/>
        <line num="1678" count="0" type="stmt"/>
        <line num="1682" count="0" type="stmt"/>
        <line num="1683" count="0" type="stmt"/>
        <line num="1684" count="0" type="stmt"/>
        <line num="1687" count="0" type="stmt"/>
        <line num="1688" count="0" type="stmt"/>
        <line num="1691" count="0" type="stmt"/>
        <line num="1694" count="0" type="stmt"/>
        <line num="1697" count="0" type="stmt"/>
        <line num="1701" count="2" type="stmt"/>
        <line num="1702" count="0" type="stmt"/>
        <line num="1704" count="0" type="stmt"/>
        <line num="1705" count="0" type="stmt"/>
        <line num="1707" count="0" type="cond" truecount="0" falsecount="4"/>
        <line num="1708" count="0" type="stmt"/>
        <line num="1709" count="0" type="stmt"/>
        <line num="1713" count="0" type="stmt"/>
        <line num="1714" count="0" type="stmt"/>
        <line num="1717" count="0" type="stmt"/>
        <line num="1718" count="0" type="cond" truecount="0" falsecount="2"/>
        <line num="1719" count="0" type="stmt"/>
        <line num="1720" count="0" type="stmt"/>
        <line num="1724" count="0" type="stmt"/>
        <line num="1725" count="0" type="stmt"/>
        <line num="1728" count="0" type="stmt"/>
        <line num="1729" count="0" type="cond" truecount="0" falsecount="2"/>
        <line num="1730" count="0" type="stmt"/>
        <line num="1731" count="0" type="stmt"/>
        <line num="1736" count="0" type="stmt"/>
        <line num="1737" count="0" type="stmt"/>
        <line num="1741" count="2" type="stmt"/>
        <line num="1743" count="0" type="stmt"/>
        <line num="1744" count="0" type="stmt"/>
        <line num="1745" count="0" type="stmt"/>
        <line num="1747" count="0" type="cond" truecount="0" falsecount="2"/>
        <line num="1748" count="0" type="stmt"/>
        <line num="1752" count="0" type="stmt"/>
        <line num="1753" count="0" type="stmt"/>
        <line num="1754" count="0" type="stmt"/>
        <line num="1755" count="0" type="stmt"/>
        <line num="1759" count="2" type="stmt"/>
        <line num="1760" count="0" type="stmt"/>
        <line num="1762" count="0" type="stmt"/>
        <line num="1766" count="0" type="stmt"/>
        <line num="1768" count="0" type="stmt"/>
        <line num="1769" count="0" type="stmt"/>
        <line num="1773" count="2" type="stmt"/>
        <line num="1774" count="0" type="stmt"/>
        <line num="1776" count="0" type="stmt"/>
        <line num="1780" count="0" type="stmt"/>
        <line num="1782" count="0" type="stmt"/>
        <line num="1783" count="0" type="stmt"/>
        <line num="1787" count="2" type="stmt"/>
        <line num="1788" count="0" type="stmt"/>
        <line num="1790" count="0" type="stmt"/>
        <line num="1791" count="0" type="stmt"/>
        <line num="1793" count="0" type="stmt"/>
        <line num="1795" count="0" type="stmt"/>
        <line num="1796" count="0" type="stmt"/>
        <line num="1801" count="2" type="stmt"/>
        <line num="1802" count="0" type="stmt"/>
        <line num="1803" count="0" type="stmt"/>
        <line num="1804" count="0" type="cond" truecount="0" falsecount="2"/>
        <line num="1806" count="0" type="stmt"/>
        <line num="1807" count="0" type="stmt"/>
        <line num="1808" count="0" type="stmt"/>
        <line num="1809" count="0" type="stmt"/>
        <line num="1811" count="0" type="stmt"/>
        <line num="1815" count="2" type="stmt"/>
        <line num="1816" count="0" type="stmt"/>
        <line num="1817" count="0" type="cond" truecount="0" falsecount="2"/>
        <line num="1818" count="0" type="stmt"/>
        <line num="1820" count="0" type="stmt"/>
        <line num="1821" count="0" type="stmt"/>
        <line num="1822" count="0" type="stmt"/>
        <line num="1823" count="0" type="stmt"/>
        <line num="1824" count="0" type="stmt"/>
        <line num="1826" count="0" type="stmt"/>
        <line num="1833" count="2" type="stmt"/>
        <line num="1834" count="0" type="stmt"/>
        <line num="1835" count="0" type="stmt"/>
        <line num="1836" count="0" type="stmt"/>
        <line num="1837" count="0" type="stmt"/>
        <line num="1838" count="0" type="cond" truecount="0" falsecount="2"/>
        <line num="1839" count="0" type="stmt"/>
        <line num="1842" count="0" type="stmt"/>
        <line num="1844" count="0" type="stmt"/>
        <line num="1845" count="0" type="stmt"/>
        <line num="1849" count="2" type="stmt"/>
        <line num="1850" count="0" type="stmt"/>
        <line num="1851" count="0" type="stmt"/>
        <line num="1852" count="0" type="stmt"/>
        <line num="1854" count="0" type="stmt"/>
        <line num="1858" count="2" type="stmt"/>
        <line num="1859" count="0" type="stmt"/>
        <line num="1861" count="0" type="stmt"/>
        <line num="1862" count="0" type="stmt"/>
        <line num="1867" count="0" type="stmt"/>
        <line num="1869" count="0" type="stmt"/>
        <line num="1874" count="2" type="stmt"/>
      </file>
    </package>
    <package name="backupermed.middlewares">
      <metrics statements="9" coveredstatements="2" conditionals="6" coveredconditionals="0" methods="2" coveredmethods="0"/>
      <file name="auth.js" path="/Users/pierre-richardpascal/boss/back/backupermed/middlewares/auth.js">
        <metrics statements="9" coveredstatements="2" conditionals="6" coveredconditionals="0" methods="2" coveredmethods="0"/>
        <line num="1" count="2" type="stmt"/>
        <line num="4" count="0" type="stmt"/>
        <line num="5" count="0" type="cond" truecount="0" falsecount="2"/>
        <line num="6" count="0" type="cond" truecount="0" falsecount="2"/>
        <line num="8" count="0" type="stmt"/>
        <line num="9" count="0" type="cond" truecount="0" falsecount="2"/>
        <line num="10" count="0" type="stmt"/>
        <line num="11" count="0" type="stmt"/>
        <line num="15" count="2" type="stmt"/>
      </file>
    </package>
    <package name="backupermed.models">
      <metrics statements="77" coveredstatements="77" conditionals="2" coveredconditionals="2" methods="18" coveredmethods="18"/>
      <file name="BonTransport.js" path="/Users/pierre-richardpascal/boss/back/backupermed/models/BonTransport.js">
        <metrics statements="6" coveredstatements="6" conditionals="0" coveredconditionals="0" methods="2" coveredmethods="2"/>
        <line num="1" count="2" type="stmt"/>
        <line num="3" count="2" type="stmt"/>
        <line num="5" count="2" type="stmt"/>
        <line num="40" count="2" type="stmt"/>
        <line num="41" count="2" type="stmt"/>
        <line num="46" count="2" type="stmt"/>
      </file>
      <file name="Disponibilite.js" path="/Users/pierre-richardpascal/boss/back/backupermed/models/Disponibilite.js">
        <metrics statements="7" coveredstatements="7" conditionals="0" coveredconditionals="0" methods="2" coveredmethods="2"/>
        <line num="1" count="2" type="stmt"/>
        <line num="3" count="2" type="stmt"/>
        <line num="5" count="2" type="stmt"/>
        <line num="47" count="2" type="stmt"/>
        <line num="49" count="2" type="stmt"/>
        <line num="53" count="2" type="stmt"/>
        <line num="58" count="2" type="stmt"/>
      </file>
      <file name="Jour.js" path="/Users/pierre-richardpascal/boss/back/backupermed/models/Jour.js">
        <metrics statements="6" coveredstatements="6" conditionals="0" coveredconditionals="0" methods="2" coveredmethods="2"/>
        <line num="1" count="2" type="stmt"/>
        <line num="3" count="2" type="stmt"/>
        <line num="5" count="2" type="stmt"/>
        <line num="23" count="2" type="stmt"/>
        <line num="24" count="2" type="stmt"/>
        <line num="26" count="2" type="stmt"/>
      </file>
      <file name="Message.js" path="/Users/pierre-richardpascal/boss/back/backupermed/models/Message.js">
        <metrics statements="6" coveredstatements="6" conditionals="0" coveredconditionals="0" methods="2" coveredmethods="2"/>
        <line num="1" count="2" type="stmt"/>
        <line num="3" count="2" type="stmt"/>
        <line num="5" count="2" type="stmt"/>
        <line num="36" count="2" type="stmt"/>
        <line num="37" count="2" type="stmt"/>
        <line num="43" count="2" type="stmt"/>
      </file>
      <file name="fichepermis.js" path="/Users/pierre-richardpascal/boss/back/backupermed/models/fichepermis.js">
        <metrics statements="6" coveredstatements="6" conditionals="0" coveredconditionals="0" methods="2" coveredmethods="2"/>
        <line num="1" count="2" type="stmt"/>
        <line num="3" count="2" type="stmt"/>
        <line num="5" count="2" type="stmt"/>
        <line num="35" count="2" type="stmt"/>
        <line num="36" count="2" type="stmt"/>
        <line num="41" count="2" type="stmt"/>
      </file>
      <file name="ficheuser.js" path="/Users/pierre-richardpascal/boss/back/backupermed/models/ficheuser.js">
        <metrics statements="11" coveredstatements="11" conditionals="0" coveredconditionals="0" methods="2" coveredmethods="2"/>
        <line num="1" count="2" type="stmt"/>
        <line num="3" count="2" type="stmt"/>
        <line num="5" count="2" type="stmt"/>
        <line num="87" count="2" type="stmt"/>
        <line num="88" count="2" type="stmt"/>
        <line num="92" count="2" type="stmt"/>
        <line num="96" count="2" type="stmt"/>
        <line num="100" count="2" type="stmt"/>
        <line num="104" count="2" type="stmt"/>
        <line num="107" count="2" type="stmt"/>
        <line num="115" count="2" type="stmt"/>
      </file>
      <file name="fichevehicule.js" path="/Users/pierre-richardpascal/boss/back/backupermed/models/fichevehicule.js">
        <metrics statements="6" coveredstatements="6" conditionals="0" coveredconditionals="0" methods="2" coveredmethods="2"/>
        <line num="1" count="2" type="stmt"/>
        <line num="3" count="2" type="stmt"/>
        <line num="5" count="2" type="stmt"/>
        <line num="48" count="2" type="stmt"/>
        <line num="49" count="2" type="stmt"/>
        <line num="54" count="2" type="stmt"/>
      </file>
      <file name="index.js" path="/Users/pierre-richardpascal/boss/back/backupermed/models/index.js">
        <metrics statements="18" coveredstatements="18" conditionals="2" coveredconditionals="2" methods="1" coveredmethods="1"/>
        <line num="1" count="2" type="stmt"/>
        <line num="2" count="2" type="stmt"/>
        <line num="3" count="2" type="stmt"/>
        <line num="4" count="2" type="stmt"/>
        <line num="5" count="2" type="stmt"/>
        <line num="6" count="2" type="stmt"/>
        <line num="7" count="2" type="stmt"/>
        <line num="8" count="2" type="stmt"/>
        <line num="9" count="2" type="stmt"/>
        <line num="10" count="2" type="stmt"/>
        <line num="11" count="2" type="stmt"/>
        <line num="15" count="2" type="stmt"/>
        <line num="25" count="2" type="stmt"/>
        <line num="37" count="2" type="stmt"/>
        <line num="38" count="18" type="cond" truecount="2" falsecount="0"/>
        <line num="39" count="16" type="stmt"/>
        <line num="44" count="2" type="stmt"/>
        <line num="46" count="2" type="stmt"/>
      </file>
      <file name="reservation.js" path="/Users/pierre-richardpascal/boss/back/backupermed/models/reservation.js">
        <metrics statements="7" coveredstatements="7" conditionals="0" coveredconditionals="0" methods="2" coveredmethods="2"/>
        <line num="1" count="2" type="stmt"/>
        <line num="3" count="2" type="stmt"/>
        <line num="5" count="2" type="stmt"/>
        <line num="71" count="2" type="stmt"/>
        <line num="72" count="2" type="stmt"/>
        <line num="77" count="2" type="stmt"/>
        <line num="83" count="2" type="stmt"/>
      </file>
      <file name="users.js" path="/Users/pierre-richardpascal/boss/back/backupermed/models/users.js">
        <metrics statements="4" coveredstatements="4" conditionals="0" coveredconditionals="0" methods="1" coveredmethods="1"/>
        <line num="1" count="2" type="stmt"/>
        <line num="3" count="2" type="stmt"/>
        <line num="6" count="2" type="stmt"/>
        <line num="61" count="2" type="stmt"/>
      </file>
    </package>
  </project>
</coverage>
