{"/Users/pierre-richardpascal/boss/back/backupermed/app.js": {"path":"/Users/pierre-richardpascal/boss/back/backupermed/app.js","statementMap":{"0":{"start":{"line":1,"column":16},"end":{"line":1,"column":34}},"1":{"start":{"line":2,"column":15},"end":{"line":2,"column":32}},"2":{"start":{"line":3,"column":12},"end":{"line":3,"column":35}},"3":{"start":{"line":4,"column":112},"end":{"line":4,"column":131}},"4":{"start":{"line":5,"column":15},"end":{"line":5,"column":32}},"5":{"start":{"line":6,"column":15},"end":{"line":6,"column":35}},"6":{"start":{"line":7,"column":15},"end":{"line":7,"column":32}},"7":{"start":{"line":8,"column":13},"end":{"line":8,"column":28}},"8":{"start":{"line":9,"column":19},"end":{"line":9,"column":40}},"9":{"start":{"line":10,"column":13},"end":{"line":10,"column":28}},"10":{"start":{"line":11,"column":22},"end":{"line":11,"column":41}},"11":{"start":{"line":12,"column":0},"end":{"line":12,"column":27}},"12":{"start":{"line":13,"column":15},"end":{"line":13,"column":32}},"13":{"start":{"line":14,"column":11},"end":{"line":14,"column":30}},"14":{"start":{"line":15,"column":15},"end":{"line":15,"column":63}},"15":{"start":{"line":16,"column":17},"end":{"line":16,"column":36}},"16":{"start":{"line":17,"column":10},"end":{"line":17,"column":28}},"17":{"start":{"line":18,"column":30},"end":{"line":18,"column":59}},"18":{"start":{"line":20,"column":12},"end":{"line":20,"column":21}},"19":{"start":{"line":21,"column":0},"end":{"line":21,"column":16}},"20":{"start":{"line":24,"column":14},"end":{"line":24,"column":16}},"21":{"start":{"line":25,"column":20},"end":{"line":25,"column":22}},"22":{"start":{"line":28,"column":16},"end":{"line":64,"column":2}},"23":{"start":{"line":30,"column":4},"end":{"line":30,"column":38}},"24":{"start":{"line":32,"column":23},"end":{"line":32,"column":32}},"25":{"start":{"line":33,"column":27},"end":{"line":33,"column":63}},"26":{"start":{"line":36,"column":6},"end":{"line":38,"column":7}},"27":{"start":{"line":37,"column":10},"end":{"line":37,"column":42}},"28":{"start":{"line":40,"column":25},"end":{"line":40,"column":73}},"29":{"start":{"line":43,"column":6},"end":{"line":45,"column":33}},"30":{"start":{"line":44,"column":22},"end":{"line":44,"column":42}},"31":{"start":{"line":45,"column":24},"end":{"line":45,"column":31}},"32":{"start":{"line":48,"column":24},"end":{"line":48,"column":34}},"33":{"start":{"line":49,"column":22},"end":{"line":49,"column":53}},"34":{"start":{"line":50,"column":6},"end":{"line":50,"column":55}},"35":{"start":{"line":51,"column":19},"end":{"line":51,"column":25}},"36":{"start":{"line":54,"column":6},"end":{"line":58,"column":7}},"37":{"start":{"line":55,"column":10},"end":{"line":55,"column":48}},"38":{"start":{"line":57,"column":10},"end":{"line":57,"column":52}},"39":{"start":{"line":60,"column":23},"end":{"line":60,"column":44}},"40":{"start":{"line":61,"column":6},"end":{"line":61,"column":33}},"41":{"start":{"line":62,"column":6},"end":{"line":62,"column":25}},"42":{"start":{"line":67,"column":19},"end":{"line":77,"column":1}},"43":{"start":{"line":69,"column":23},"end":{"line":69,"column":45}},"44":{"start":{"line":70,"column":21},"end":{"line":70,"column":92}},"45":{"start":{"line":72,"column":2},"end":{"line":76,"column":3}},"46":{"start":{"line":73,"column":6},"end":{"line":73,"column":21}},"47":{"start":{"line":75,"column":6},"end":{"line":75,"column":50}},"48":{"start":{"line":80,"column":15},"end":{"line":82,"column":1}},"49":{"start":{"line":85,"column":15},"end":{"line":89,"column":2}},"50":{"start":{"line":93,"column":0},"end":{"line":93,"column":24}},"51":{"start":{"line":96,"column":0},"end":{"line":96,"column":48}},"52":{"start":{"line":99,"column":27},"end":{"line":136,"column":2}},"53":{"start":{"line":101,"column":4},"end":{"line":101,"column":35}},"54":{"start":{"line":102,"column":24},"end":{"line":102,"column":32}},"55":{"start":{"line":103,"column":4},"end":{"line":103,"column":41}},"56":{"start":{"line":104,"column":4},"end":{"line":106,"column":5}},"57":{"start":{"line":105,"column":6},"end":{"line":105,"column":50}},"58":{"start":{"line":108,"column":4},"end":{"line":127,"column":5}},"59":{"start":{"line":109,"column":24},"end":{"line":109,"column":71}},"60":{"start":{"line":110,"column":6},"end":{"line":112,"column":7}},"61":{"start":{"line":111,"column":8},"end":{"line":111,"column":55}},"62":{"start":{"line":114,"column":19},"end":{"line":114,"column":73}},"63":{"start":{"line":115,"column":6},"end":{"line":117,"column":7}},"64":{"start":{"line":116,"column":8},"end":{"line":116,"column":55}},"65":{"start":{"line":119,"column":18},"end":{"line":119,"column":30}},"66":{"start":{"line":120,"column":25},"end":{"line":120,"column":61}},"67":{"start":{"line":123,"column":6},"end":{"line":123,"column":37}},"68":{"start":{"line":124,"column":6},"end":{"line":124,"column":27}},"69":{"start":{"line":126,"column":6},"end":{"line":126,"column":14}},"70":{"start":{"line":130,"column":22},"end":{"line":130,"column":32}},"71":{"start":{"line":131,"column":20},"end":{"line":131,"column":51}},"72":{"start":{"line":132,"column":20},"end":{"line":132,"column":36}},"73":{"start":{"line":133,"column":21},"end":{"line":133,"column":74}},"74":{"start":{"line":134,"column":4},"end":{"line":134,"column":23}},"75":{"start":{"line":138,"column":26},"end":{"line":142,"column":2}},"76":{"start":{"line":150,"column":29},"end":{"line":150,"column":30}},"77":{"start":{"line":151,"column":22},"end":{"line":151,"column":23}},"78":{"start":{"line":152,"column":25},"end":{"line":152,"column":26}},"79":{"start":{"line":153,"column":29},"end":{"line":153,"column":30}},"80":{"start":{"line":154,"column":28},"end":{"line":154,"column":29}},"81":{"start":{"line":156,"column":26},"end":{"line":156,"column":27}},"82":{"start":{"line":157,"column":27},"end":{"line":157,"column":28}},"83":{"start":{"line":158,"column":24},"end":{"line":158,"column":25}},"84":{"start":{"line":168,"column":21},"end":{"line":168,"column":49}},"85":{"start":{"line":169,"column":16},"end":{"line":169,"column":54}},"86":{"start":{"line":171,"column":2},"end":{"line":173,"column":3}},"87":{"start":{"line":172,"column":4},"end":{"line":172,"column":18}},"88":{"start":{"line":175,"column":2},"end":{"line":183,"column":5}},"89":{"start":{"line":176,"column":4},"end":{"line":179,"column":5}},"90":{"start":{"line":177,"column":6},"end":{"line":177,"column":49}},"91":{"start":{"line":178,"column":6},"end":{"line":178,"column":33}},"92":{"start":{"line":181,"column":4},"end":{"line":181,"column":20}},"93":{"start":{"line":182,"column":4},"end":{"line":182,"column":11}},"94":{"start":{"line":189,"column":30},"end":{"line":189,"column":94}},"95":{"start":{"line":190,"column":17},"end":{"line":190,"column":19}},"96":{"start":{"line":191,"column":2},"end":{"line":194,"column":3}},"97":{"start":{"line":191,"column":15},"end":{"line":191,"column":16}},"98":{"start":{"line":192,"column":29},"end":{"line":192,"column":83}},"99":{"start":{"line":193,"column":6},"end":{"line":193,"column":54}},"100":{"start":{"line":195,"column":2},"end":{"line":195,"column":18}},"101":{"start":{"line":200,"column":20},"end":{"line":206,"column":4}},"102":{"start":{"line":208,"column":2},"end":{"line":232,"column":5}},"103":{"start":{"line":209,"column":4},"end":{"line":212,"column":5}},"104":{"start":{"line":210,"column":8},"end":{"line":210,"column":74}},"105":{"start":{"line":211,"column":8},"end":{"line":211,"column":15}},"106":{"start":{"line":215,"column":32},"end":{"line":218,"column":46}},"107":{"start":{"line":220,"column":4},"end":{"line":231,"column":5}},"108":{"start":{"line":221,"column":19},"end":{"line":226,"column":10}},"109":{"start":{"line":228,"column":8},"end":{"line":228,"column":66}},"110":{"start":{"line":230,"column":8},"end":{"line":230,"column":68}},"111":{"start":{"line":236,"column":12},"end":{"line":236,"column":61}},"112":{"start":{"line":236,"column":25},"end":{"line":236,"column":60}},"113":{"start":{"line":237,"column":19},"end":{"line":246,"column":1}},"114":{"start":{"line":238,"column":15},"end":{"line":238,"column":33}},"115":{"start":{"line":239,"column":16},"end":{"line":239,"column":40}},"116":{"start":{"line":240,"column":14},"end":{"line":240,"column":33}},"117":{"start":{"line":241,"column":15},"end":{"line":241,"column":35}},"118":{"start":{"line":242,"column":17},"end":{"line":242,"column":39}},"119":{"start":{"line":243,"column":17},"end":{"line":243,"column":39}},"120":{"start":{"line":245,"column":2},"end":{"line":245,"column":58}},"121":{"start":{"line":248,"column":0},"end":{"line":260,"column":3}},"122":{"start":{"line":249,"column":41},"end":{"line":249,"column":49}},"123":{"start":{"line":251,"column":23},"end":{"line":255,"column":3}},"124":{"start":{"line":257,"column":2},"end":{"line":257,"column":39}},"125":{"start":{"line":259,"column":2},"end":{"line":259,"column":52}},"126":{"start":{"line":263,"column":0},"end":{"line":297,"column":3}},"127":{"start":{"line":264,"column":4},"end":{"line":296,"column":5}},"128":{"start":{"line":265,"column":34},"end":{"line":265,"column":42}},"129":{"start":{"line":266,"column":6},"end":{"line":266,"column":35}},"130":{"start":{"line":268,"column":19},"end":{"line":268,"column":59}},"131":{"start":{"line":269,"column":6},"end":{"line":269,"column":40}},"132":{"start":{"line":271,"column":6},"end":{"line":273,"column":7}},"133":{"start":{"line":272,"column":8},"end":{"line":272,"column":84}},"134":{"start":{"line":275,"column":30},"end":{"line":275,"column":75}},"135":{"start":{"line":276,"column":6},"end":{"line":276,"column":59}},"136":{"start":{"line":278,"column":6},"end":{"line":280,"column":7}},"137":{"start":{"line":279,"column":8},"end":{"line":279,"column":84}},"138":{"start":{"line":282,"column":20},"end":{"line":282,"column":74}},"139":{"start":{"line":283,"column":6},"end":{"line":283,"column":46}},"140":{"start":{"line":285,"column":20},"end":{"line":289,"column":7}},"141":{"start":{"line":290,"column":6},"end":{"line":290,"column":42}},"142":{"start":{"line":292,"column":6},"end":{"line":292,"column":26}},"143":{"start":{"line":294,"column":6},"end":{"line":294,"column":46}},"144":{"start":{"line":295,"column":6},"end":{"line":295,"column":53}},"145":{"start":{"line":300,"column":0},"end":{"line":330,"column":3}},"146":{"start":{"line":301,"column":4},"end":{"line":329,"column":5}},"147":{"start":{"line":302,"column":36},"end":{"line":302,"column":44}},"148":{"start":{"line":304,"column":29},"end":{"line":304,"column":76}},"149":{"start":{"line":305,"column":8},"end":{"line":307,"column":9}},"150":{"start":{"line":306,"column":10},"end":{"line":306,"column":78}},"151":{"start":{"line":309,"column":31},"end":{"line":309,"column":62}},"152":{"start":{"line":310,"column":24},"end":{"line":314,"column":10}},"153":{"start":{"line":315,"column":25},"end":{"line":315,"column":47}},"154":{"start":{"line":316,"column":21},"end":{"line":316,"column":83}},"155":{"start":{"line":317,"column":24},"end":{"line":317,"column":158}},"156":{"start":{"line":318,"column":22},"end":{"line":318,"column":41}},"157":{"start":{"line":319,"column":20},"end":{"line":319,"column":22}},"158":{"start":{"line":320,"column":29},"end":{"line":324,"column":7}},"159":{"start":{"line":325,"column":8},"end":{"line":325,"column":43}},"160":{"start":{"line":326,"column":8},"end":{"line":326,"column":91}},"161":{"start":{"line":328,"column":8},"end":{"line":328,"column":55}},"162":{"start":{"line":332,"column":0},"end":{"line":364,"column":3}},"163":{"start":{"line":333,"column":2},"end":{"line":363,"column":3}},"164":{"start":{"line":334,"column":125},"end":{"line":334,"column":133}},"165":{"start":{"line":335,"column":22},"end":{"line":335,"column":23}},"166":{"start":{"line":337,"column":19},"end":{"line":337,"column":90}},"167":{"start":{"line":339,"column":4},"end":{"line":341,"column":5}},"168":{"start":{"line":340,"column":6},"end":{"line":340,"column":36}},"169":{"start":{"line":342,"column":21},"end":{"line":358,"column":6}},"170":{"start":{"line":360,"column":4},"end":{"line":360,"column":103}},"171":{"start":{"line":362,"column":4},"end":{"line":362,"column":51}},"172":{"start":{"line":366,"column":0},"end":{"line":406,"column":3}},"173":{"start":{"line":367,"column":22},"end":{"line":367,"column":35}},"174":{"start":{"line":368,"column":160},"end":{"line":368,"column":168}},"175":{"start":{"line":370,"column":2},"end":{"line":405,"column":3}},"176":{"start":{"line":372,"column":22},"end":{"line":372,"column":59}},"177":{"start":{"line":375,"column":4},"end":{"line":377,"column":5}},"178":{"start":{"line":376,"column":6},"end":{"line":376,"column":79}},"179":{"start":{"line":380,"column":4},"end":{"line":398,"column":7}},"180":{"start":{"line":401,"column":4},"end":{"line":401,"column":72}},"181":{"start":{"line":403,"column":4},"end":{"line":403,"column":25}},"182":{"start":{"line":404,"column":4},"end":{"line":404,"column":94}},"183":{"start":{"line":410,"column":0},"end":{"line":432,"column":3}},"184":{"start":{"line":411,"column":2},"end":{"line":431,"column":3}},"185":{"start":{"line":412,"column":77},"end":{"line":412,"column":85}},"186":{"start":{"line":415,"column":27},"end":{"line":415,"column":29}},"187":{"start":{"line":416,"column":4},"end":{"line":418,"column":5}},"188":{"start":{"line":417,"column":6},"end":{"line":417,"column":39}},"189":{"start":{"line":420,"column":29},"end":{"line":422,"column":6}},"190":{"start":{"line":423,"column":4},"end":{"line":427,"column":7}},"191":{"start":{"line":428,"column":4},"end":{"line":428,"column":119}},"192":{"start":{"line":430,"column":4},"end":{"line":430,"column":51}},"193":{"start":{"line":435,"column":0},"end":{"line":453,"column":3}},"194":{"start":{"line":436,"column":2},"end":{"line":452,"column":3}},"195":{"start":{"line":437,"column":56},"end":{"line":437,"column":64}},"196":{"start":{"line":440,"column":28},"end":{"line":440,"column":30}},"197":{"start":{"line":441,"column":6},"end":{"line":443,"column":7}},"198":{"start":{"line":442,"column":10},"end":{"line":442,"column":42}},"199":{"start":{"line":445,"column":29},"end":{"line":447,"column":8}},"200":{"start":{"line":449,"column":6},"end":{"line":449,"column":115}},"201":{"start":{"line":451,"column":6},"end":{"line":451,"column":53}},"202":{"start":{"line":455,"column":0},"end":{"line":482,"column":3}},"203":{"start":{"line":456,"column":2},"end":{"line":481,"column":3}},"204":{"start":{"line":457,"column":30},"end":{"line":457,"column":40}},"205":{"start":{"line":458,"column":54},"end":{"line":458,"column":62}},"206":{"start":{"line":460,"column":26},"end":{"line":460,"column":28}},"207":{"start":{"line":461,"column":4},"end":{"line":463,"column":5}},"208":{"start":{"line":462,"column":6},"end":{"line":462,"column":38}},"209":{"start":{"line":465,"column":24},"end":{"line":465,"column":65}},"210":{"start":{"line":466,"column":4},"end":{"line":468,"column":5}},"211":{"start":{"line":467,"column":6},"end":{"line":467,"column":76}},"212":{"start":{"line":470,"column":4},"end":{"line":476,"column":7}},"213":{"start":{"line":478,"column":4},"end":{"line":478,"column":112}},"214":{"start":{"line":480,"column":4},"end":{"line":480,"column":51}},"215":{"start":{"line":484,"column":0},"end":{"line":513,"column":3}},"216":{"start":{"line":485,"column":2},"end":{"line":512,"column":3}},"217":{"start":{"line":486,"column":32},"end":{"line":486,"column":42}},"218":{"start":{"line":487,"column":77},"end":{"line":487,"column":85}},"219":{"start":{"line":489,"column":27},"end":{"line":489,"column":29}},"220":{"start":{"line":490,"column":4},"end":{"line":492,"column":5}},"221":{"start":{"line":491,"column":6},"end":{"line":491,"column":39}},"222":{"start":{"line":494,"column":26},"end":{"line":494,"column":71}},"223":{"start":{"line":495,"column":4},"end":{"line":497,"column":5}},"224":{"start":{"line":496,"column":6},"end":{"line":496,"column":78}},"225":{"start":{"line":499,"column":4},"end":{"line":507,"column":7}},"226":{"start":{"line":509,"column":4},"end":{"line":509,"column":120}},"227":{"start":{"line":511,"column":4},"end":{"line":511,"column":51}},"228":{"start":{"line":517,"column":0},"end":{"line":564,"column":3}},"229":{"start":{"line":518,"column":2},"end":{"line":563,"column":3}},"230":{"start":{"line":519,"column":20},"end":{"line":519,"column":22}},"231":{"start":{"line":521,"column":4},"end":{"line":526,"column":5}},"232":{"start":{"line":522,"column":6},"end":{"line":522,"column":60}},"233":{"start":{"line":523,"column":11},"end":{"line":526,"column":5}},"234":{"start":{"line":525,"column":6},"end":{"line":525,"column":41}},"235":{"start":{"line":528,"column":19},"end":{"line":558,"column":6}},"236":{"start":{"line":560,"column":4},"end":{"line":560,"column":21}},"237":{"start":{"line":562,"column":4},"end":{"line":562,"column":51}},"238":{"start":{"line":568,"column":0},"end":{"line":592,"column":2}},"239":{"start":{"line":570,"column":2},"end":{"line":591,"column":3}},"240":{"start":{"line":571,"column":22},"end":{"line":571,"column":30}},"241":{"start":{"line":572,"column":17},"end":{"line":572,"column":50}},"242":{"start":{"line":573,"column":4},"end":{"line":573,"column":35}},"243":{"start":{"line":574,"column":18},"end":{"line":574,"column":46}},"244":{"start":{"line":575,"column":20},"end":{"line":575,"column":59}},"245":{"start":{"line":576,"column":16},"end":{"line":576,"column":44}},"246":{"start":{"line":577,"column":25},"end":{"line":581,"column":5}},"247":{"start":{"line":582,"column":4},"end":{"line":582,"column":50}},"248":{"start":{"line":583,"column":4},"end":{"line":587,"column":7}},"249":{"start":{"line":588,"column":4},"end":{"line":588,"column":64}},"250":{"start":{"line":590,"column":4},"end":{"line":590,"column":51}},"251":{"start":{"line":594,"column":0},"end":{"line":616,"column":2}},"252":{"start":{"line":595,"column":2},"end":{"line":615,"column":3}},"253":{"start":{"line":596,"column":31},"end":{"line":596,"column":39}},"254":{"start":{"line":597,"column":17},"end":{"line":597,"column":50}},"255":{"start":{"line":598,"column":18},"end":{"line":598,"column":46}},"256":{"start":{"line":599,"column":16},"end":{"line":599,"column":44}},"257":{"start":{"line":600,"column":25},"end":{"line":604,"column":5}},"258":{"start":{"line":605,"column":4},"end":{"line":605,"column":50}},"259":{"start":{"line":607,"column":4},"end":{"line":611,"column":7}},"260":{"start":{"line":612,"column":4},"end":{"line":612,"column":64}},"261":{"start":{"line":614,"column":4},"end":{"line":614,"column":51}},"262":{"start":{"line":620,"column":0},"end":{"line":638,"column":3}},"263":{"start":{"line":621,"column":4},"end":{"line":637,"column":5}},"264":{"start":{"line":622,"column":21},"end":{"line":622,"column":63}},"265":{"start":{"line":623,"column":8},"end":{"line":634,"column":11}},"266":{"start":{"line":636,"column":8},"end":{"line":636,"column":55}},"267":{"start":{"line":640,"column":0},"end":{"line":669,"column":3}},"268":{"start":{"line":641,"column":2},"end":{"line":668,"column":3}},"269":{"start":{"line":642,"column":21},"end":{"line":642,"column":23}},"270":{"start":{"line":645,"column":4},"end":{"line":657,"column":5}},"271":{"start":{"line":646,"column":6},"end":{"line":648,"column":8}},"272":{"start":{"line":651,"column":6},"end":{"line":656,"column":8}},"273":{"start":{"line":659,"column":22},"end":{"line":661,"column":6}},"274":{"start":{"line":663,"column":4},"end":{"line":665,"column":7}},"275":{"start":{"line":667,"column":4},"end":{"line":667,"column":51}},"276":{"start":{"line":671,"column":0},"end":{"line":691,"column":3}},"277":{"start":{"line":672,"column":2},"end":{"line":690,"column":3}},"278":{"start":{"line":673,"column":22},"end":{"line":683,"column":6}},"279":{"start":{"line":685,"column":4},"end":{"line":687,"column":7}},"280":{"start":{"line":689,"column":4},"end":{"line":689,"column":51}},"281":{"start":{"line":693,"column":0},"end":{"line":706,"column":2}},"282":{"start":{"line":694,"column":2},"end":{"line":704,"column":3}},"283":{"start":{"line":695,"column":18},"end":{"line":697,"column":6}},"284":{"start":{"line":699,"column":4},"end":{"line":701,"column":7}},"285":{"start":{"line":703,"column":4},"end":{"line":703,"column":51}},"286":{"start":{"line":708,"column":0},"end":{"line":720,"column":3}},"287":{"start":{"line":709,"column":2},"end":{"line":719,"column":3}},"288":{"start":{"line":710,"column":18},"end":{"line":712,"column":6}},"289":{"start":{"line":714,"column":4},"end":{"line":716,"column":7}},"290":{"start":{"line":718,"column":4},"end":{"line":718,"column":51}},"291":{"start":{"line":723,"column":0},"end":{"line":750,"column":3}},"292":{"start":{"line":724,"column":22},"end":{"line":724,"column":30}},"293":{"start":{"line":726,"column":23},"end":{"line":726,"column":61}},"294":{"start":{"line":728,"column":25},"end":{"line":728,"column":45}},"295":{"start":{"line":730,"column":4},"end":{"line":749,"column":5}},"296":{"start":{"line":731,"column":19},"end":{"line":731,"column":59}},"297":{"start":{"line":732,"column":6},"end":{"line":734,"column":7}},"298":{"start":{"line":733,"column":8},"end":{"line":733,"column":95}},"299":{"start":{"line":737,"column":6},"end":{"line":740,"column":9}},"300":{"start":{"line":743,"column":23},"end":{"line":743,"column":83}},"301":{"start":{"line":746,"column":6},"end":{"line":746,"column":116}},"302":{"start":{"line":748,"column":6},"end":{"line":748,"column":53}},"303":{"start":{"line":753,"column":0},"end":{"line":786,"column":3}},"304":{"start":{"line":754,"column":33},"end":{"line":754,"column":41}},"305":{"start":{"line":755,"column":2},"end":{"line":785,"column":3}},"306":{"start":{"line":756,"column":17},"end":{"line":763,"column":6}},"307":{"start":{"line":765,"column":4},"end":{"line":767,"column":5}},"308":{"start":{"line":766,"column":6},"end":{"line":766,"column":98}},"309":{"start":{"line":770,"column":27},"end":{"line":770,"column":61}},"310":{"start":{"line":773,"column":4},"end":{"line":777,"column":7}},"311":{"start":{"line":782,"column":4},"end":{"line":782,"column":61}},"312":{"start":{"line":784,"column":4},"end":{"line":784,"column":51}},"313":{"start":{"line":790,"column":0},"end":{"line":853,"column":3}},"314":{"start":{"line":791,"column":2},"end":{"line":852,"column":3}},"315":{"start":{"line":792,"column":143},"end":{"line":792,"column":151}},"316":{"start":{"line":793,"column":21},"end":{"line":793,"column":32}},"317":{"start":{"line":794,"column":17},"end":{"line":794,"column":51}},"318":{"start":{"line":795,"column":17},"end":{"line":795,"column":18}},"319":{"start":{"line":796,"column":15},"end":{"line":796,"column":33}},"320":{"start":{"line":797,"column":4},"end":{"line":799,"column":5}},"321":{"start":{"line":798,"column":6},"end":{"line":798,"column":67}},"322":{"start":{"line":806,"column":27},"end":{"line":819,"column":6}},"323":{"start":{"line":822,"column":4},"end":{"line":846,"column":5}},"324":{"start":{"line":823,"column":33},"end":{"line":823,"column":94}},"325":{"start":{"line":824,"column":32},"end":{"line":824,"column":50}},"326":{"start":{"line":826,"column":32},"end":{"line":839,"column":8}},"327":{"start":{"line":841,"column":6},"end":{"line":845,"column":9}},"328":{"start":{"line":848,"column":4},"end":{"line":848,"column":93}},"329":{"start":{"line":850,"column":4},"end":{"line":850,"column":25}},"330":{"start":{"line":851,"column":4},"end":{"line":851,"column":56}},"331":{"start":{"line":855,"column":0},"end":{"line":869,"column":2}},"332":{"start":{"line":856,"column":2},"end":{"line":868,"column":3}},"333":{"start":{"line":857,"column":28},"end":{"line":857,"column":36}},"334":{"start":{"line":858,"column":24},"end":{"line":858,"column":65}},"335":{"start":{"line":859,"column":4},"end":{"line":864,"column":5}},"336":{"start":{"line":860,"column":6},"end":{"line":860,"column":56}},"337":{"start":{"line":861,"column":6},"end":{"line":861,"column":81}},"338":{"start":{"line":863,"column":6},"end":{"line":863,"column":87}},"339":{"start":{"line":866,"column":4},"end":{"line":866,"column":25}},"340":{"start":{"line":867,"column":4},"end":{"line":867,"column":51}},"341":{"start":{"line":871,"column":0},"end":{"line":895,"column":2}},"342":{"start":{"line":872,"column":2},"end":{"line":893,"column":3}},"343":{"start":{"line":873,"column":38},"end":{"line":873,"column":46}},"344":{"start":{"line":876,"column":24},"end":{"line":876,"column":65}},"345":{"start":{"line":878,"column":4},"end":{"line":880,"column":5}},"346":{"start":{"line":879,"column":6},"end":{"line":879,"column":70}},"347":{"start":{"line":884,"column":31},"end":{"line":887,"column":6}},"348":{"start":{"line":889,"column":4},"end":{"line":889,"column":114}},"349":{"start":{"line":891,"column":4},"end":{"line":891,"column":25}},"350":{"start":{"line":892,"column":4},"end":{"line":892,"column":88}},"351":{"start":{"line":898,"column":0},"end":{"line":919,"column":2}},"352":{"start":{"line":899,"column":2},"end":{"line":917,"column":3}},"353":{"start":{"line":900,"column":4},"end":{"line":914,"column":5}},"354":{"start":{"line":901,"column":19},"end":{"line":901,"column":61}},"355":{"start":{"line":902,"column":25},"end":{"line":902,"column":35}},"356":{"start":{"line":903,"column":27},"end":{"line":910,"column":8}},"357":{"start":{"line":911,"column":6},"end":{"line":911,"column":43}},"358":{"start":{"line":913,"column":6},"end":{"line":913,"column":53}},"359":{"start":{"line":916,"column":4},"end":{"line":916,"column":83}},"360":{"start":{"line":921,"column":0},"end":{"line":942,"column":2}},"361":{"start":{"line":922,"column":2},"end":{"line":940,"column":3}},"362":{"start":{"line":923,"column":4},"end":{"line":937,"column":5}},"363":{"start":{"line":924,"column":19},"end":{"line":924,"column":61}},"364":{"start":{"line":925,"column":25},"end":{"line":925,"column":35}},"365":{"start":{"line":926,"column":27},"end":{"line":933,"column":8}},"366":{"start":{"line":934,"column":6},"end":{"line":934,"column":43}},"367":{"start":{"line":936,"column":6},"end":{"line":936,"column":53}},"368":{"start":{"line":939,"column":4},"end":{"line":939,"column":83}},"369":{"start":{"line":945,"column":0},"end":{"line":967,"column":3}},"370":{"start":{"line":946,"column":2},"end":{"line":966,"column":3}},"371":{"start":{"line":947,"column":4},"end":{"line":963,"column":5}},"372":{"start":{"line":948,"column":22},"end":{"line":948,"column":24}},"373":{"start":{"line":949,"column":6},"end":{"line":951,"column":7}},"374":{"start":{"line":950,"column":8},"end":{"line":950,"column":34}},"375":{"start":{"line":952,"column":45},"end":{"line":952,"column":53}},"376":{"start":{"line":953,"column":29},"end":{"line":953,"column":49}},"377":{"start":{"line":954,"column":18},"end":{"line":959,"column":8}},"378":{"start":{"line":960,"column":6},"end":{"line":960,"column":84}},"379":{"start":{"line":962,"column":6},"end":{"line":962,"column":53}},"380":{"start":{"line":965,"column":4},"end":{"line":965,"column":84}},"381":{"start":{"line":970,"column":0},"end":{"line":990,"column":2}},"382":{"start":{"line":971,"column":0},"end":{"line":989,"column":1}},"383":{"start":{"line":972,"column":2},"end":{"line":986,"column":3}},"384":{"start":{"line":973,"column":17},"end":{"line":973,"column":25}},"385":{"start":{"line":974,"column":21},"end":{"line":974,"column":39}},"386":{"start":{"line":975,"column":59},"end":{"line":975,"column":67}},"387":{"start":{"line":976,"column":16},"end":{"line":982,"column":8}},"388":{"start":{"line":983,"column":4},"end":{"line":983,"column":82}},"389":{"start":{"line":985,"column":4},"end":{"line":985,"column":51}},"390":{"start":{"line":988,"column":2},"end":{"line":988,"column":81}},"391":{"start":{"line":993,"column":0},"end":{"line":1028,"column":3}},"392":{"start":{"line":994,"column":2},"end":{"line":1027,"column":3}},"393":{"start":{"line":995,"column":4},"end":{"line":1024,"column":5}},"394":{"start":{"line":996,"column":60},"end":{"line":996,"column":68}},"395":{"start":{"line":999,"column":6},"end":{"line":1001,"column":7}},"396":{"start":{"line":1000,"column":8},"end":{"line":1000,"column":80}},"397":{"start":{"line":1004,"column":6},"end":{"line":1007,"column":8}},"398":{"start":{"line":1010,"column":6},"end":{"line":1013,"column":8}},"399":{"start":{"line":1015,"column":6},"end":{"line":1019,"column":9}},"400":{"start":{"line":1021,"column":6},"end":{"line":1021,"column":125}},"401":{"start":{"line":1023,"column":6},"end":{"line":1023,"column":53}},"402":{"start":{"line":1026,"column":4},"end":{"line":1026,"column":83}},"403":{"start":{"line":1031,"column":0},"end":{"line":1058,"column":3}},"404":{"start":{"line":1032,"column":2},"end":{"line":1057,"column":3}},"405":{"start":{"line":1033,"column":4},"end":{"line":1054,"column":5}},"406":{"start":{"line":1034,"column":56},"end":{"line":1034,"column":64}},"407":{"start":{"line":1037,"column":6},"end":{"line":1040,"column":8}},"408":{"start":{"line":1043,"column":6},"end":{"line":1049,"column":7}},"409":{"start":{"line":1044,"column":8},"end":{"line":1048,"column":11}},"410":{"start":{"line":1051,"column":6},"end":{"line":1051,"column":80}},"411":{"start":{"line":1053,"column":6},"end":{"line":1053,"column":53}},"412":{"start":{"line":1056,"column":4},"end":{"line":1056,"column":83}},"413":{"start":{"line":1060,"column":0},"end":{"line":1100,"column":1}},"414":{"start":{"line":1061,"column":2},"end":{"line":1098,"column":5}},"415":{"start":{"line":1063,"column":6},"end":{"line":1080,"column":7}},"416":{"start":{"line":1064,"column":21},"end":{"line":1075,"column":10}},"417":{"start":{"line":1077,"column":8},"end":{"line":1077,"column":39}},"418":{"start":{"line":1079,"column":8},"end":{"line":1079,"column":55}},"419":{"start":{"line":1081,"column":6},"end":{"line":1081,"column":12}},"420":{"start":{"line":1083,"column":6},"end":{"line":1092,"column":7}},"421":{"start":{"line":1084,"column":21},"end":{"line":1088,"column":10}},"422":{"start":{"line":1089,"column":8},"end":{"line":1089,"column":39}},"423":{"start":{"line":1091,"column":8},"end":{"line":1091,"column":55}},"424":{"start":{"line":1093,"column":6},"end":{"line":1093,"column":12}},"425":{"start":{"line":1096,"column":6},"end":{"line":1096,"column":84}},"426":{"start":{"line":1097,"column":6},"end":{"line":1097,"column":12}},"427":{"start":{"line":1102,"column":0},"end":{"line":1195,"column":2}},"428":{"start":{"line":1103,"column":2},"end":{"line":1103,"column":23}},"429":{"start":{"line":1104,"column":21},"end":{"line":1104,"column":31}},"430":{"start":{"line":1105,"column":2},"end":{"line":1105,"column":34}},"431":{"start":{"line":1106,"column":2},"end":{"line":1194,"column":5}},"432":{"start":{"line":1108,"column":6},"end":{"line":1130,"column":7}},"433":{"start":{"line":1109,"column":29},"end":{"line":1120,"column":10}},"434":{"start":{"line":1122,"column":41},"end":{"line":1126,"column":11}},"435":{"start":{"line":1122,"column":74},"end":{"line":1126,"column":9}},"436":{"start":{"line":1127,"column":8},"end":{"line":1127,"column":71}},"437":{"start":{"line":1129,"column":8},"end":{"line":1129,"column":55}},"438":{"start":{"line":1131,"column":6},"end":{"line":1131,"column":12}},"439":{"start":{"line":1134,"column":6},"end":{"line":1146,"column":7}},"440":{"start":{"line":1135,"column":29},"end":{"line":1142,"column":10}},"441":{"start":{"line":1143,"column":8},"end":{"line":1143,"column":45}},"442":{"start":{"line":1145,"column":8},"end":{"line":1145,"column":55}},"443":{"start":{"line":1147,"column":6},"end":{"line":1147,"column":12}},"444":{"start":{"line":1149,"column":8},"end":{"line":1187,"column":9}},"445":{"start":{"line":1151,"column":31},"end":{"line":1173,"column":12}},"446":{"start":{"line":1176,"column":42},"end":{"line":1182,"column":13}},"447":{"start":{"line":1176,"column":75},"end":{"line":1182,"column":11}},"448":{"start":{"line":1184,"column":10},"end":{"line":1184,"column":74}},"449":{"start":{"line":1186,"column":10},"end":{"line":1186,"column":57}},"450":{"start":{"line":1188,"column":8},"end":{"line":1188,"column":14}},"451":{"start":{"line":1191,"column":6},"end":{"line":1191,"column":84}},"452":{"start":{"line":1192,"column":6},"end":{"line":1192,"column":12}},"453":{"start":{"line":1200,"column":0},"end":{"line":1293,"column":2}},"454":{"start":{"line":1201,"column":2},"end":{"line":1201,"column":23}},"455":{"start":{"line":1202,"column":21},"end":{"line":1202,"column":31}},"456":{"start":{"line":1203,"column":2},"end":{"line":1203,"column":34}},"457":{"start":{"line":1204,"column":2},"end":{"line":1292,"column":5}},"458":{"start":{"line":1206,"column":6},"end":{"line":1228,"column":7}},"459":{"start":{"line":1207,"column":29},"end":{"line":1218,"column":10}},"460":{"start":{"line":1220,"column":41},"end":{"line":1224,"column":11}},"461":{"start":{"line":1220,"column":74},"end":{"line":1224,"column":9}},"462":{"start":{"line":1225,"column":8},"end":{"line":1225,"column":71}},"463":{"start":{"line":1227,"column":8},"end":{"line":1227,"column":55}},"464":{"start":{"line":1229,"column":6},"end":{"line":1229,"column":12}},"465":{"start":{"line":1232,"column":6},"end":{"line":1244,"column":7}},"466":{"start":{"line":1233,"column":29},"end":{"line":1240,"column":10}},"467":{"start":{"line":1241,"column":8},"end":{"line":1241,"column":45}},"468":{"start":{"line":1243,"column":8},"end":{"line":1243,"column":55}},"469":{"start":{"line":1245,"column":6},"end":{"line":1245,"column":12}},"470":{"start":{"line":1247,"column":8},"end":{"line":1285,"column":9}},"471":{"start":{"line":1249,"column":31},"end":{"line":1271,"column":12}},"472":{"start":{"line":1274,"column":42},"end":{"line":1280,"column":13}},"473":{"start":{"line":1274,"column":75},"end":{"line":1280,"column":11}},"474":{"start":{"line":1282,"column":10},"end":{"line":1282,"column":74}},"475":{"start":{"line":1284,"column":10},"end":{"line":1284,"column":57}},"476":{"start":{"line":1286,"column":8},"end":{"line":1286,"column":14}},"477":{"start":{"line":1289,"column":6},"end":{"line":1289,"column":84}},"478":{"start":{"line":1290,"column":6},"end":{"line":1290,"column":12}},"479":{"start":{"line":1295,"column":0},"end":{"line":1304,"column":3}},"480":{"start":{"line":1296,"column":19},"end":{"line":1296,"column":32}},"481":{"start":{"line":1297,"column":19},"end":{"line":1297,"column":49}},"482":{"start":{"line":1299,"column":2},"end":{"line":1303,"column":5}},"483":{"start":{"line":1300,"column":4},"end":{"line":1302,"column":5}},"484":{"start":{"line":1301,"column":6},"end":{"line":1301,"column":49}},"485":{"start":{"line":1307,"column":0},"end":{"line":1338,"column":3}},"486":{"start":{"line":1311,"column":2},"end":{"line":1320,"column":3}},"487":{"start":{"line":1313,"column":6},"end":{"line":1313,"column":32}},"488":{"start":{"line":1314,"column":9},"end":{"line":1320,"column":3}},"489":{"start":{"line":1316,"column":6},"end":{"line":1316,"column":31}},"490":{"start":{"line":1319,"column":6},"end":{"line":1319,"column":69}},"491":{"start":{"line":1321,"column":2},"end":{"line":1321,"column":23}},"492":{"start":{"line":1323,"column":2},"end":{"line":1337,"column":3}},"493":{"start":{"line":1324,"column":36},"end":{"line":1332,"column":8}},"494":{"start":{"line":1334,"column":6},"end":{"line":1334,"column":50}},"495":{"start":{"line":1336,"column":6},"end":{"line":1336,"column":53}},"496":{"start":{"line":1341,"column":0},"end":{"line":1381,"column":3}},"497":{"start":{"line":1342,"column":17},"end":{"line":1342,"column":27}},"498":{"start":{"line":1344,"column":2},"end":{"line":1380,"column":3}},"499":{"start":{"line":1346,"column":28},"end":{"line":1346,"column":60}},"500":{"start":{"line":1348,"column":6},"end":{"line":1350,"column":7}},"501":{"start":{"line":1349,"column":10},"end":{"line":1349,"column":78}},"502":{"start":{"line":1353,"column":6},"end":{"line":1365,"column":7}},"503":{"start":{"line":1355,"column":10},"end":{"line":1355,"column":73}},"504":{"start":{"line":1356,"column":13},"end":{"line":1365,"column":7}},"505":{"start":{"line":1359,"column":10},"end":{"line":1361,"column":11}},"506":{"start":{"line":1360,"column":14},"end":{"line":1360,"column":53}},"507":{"start":{"line":1364,"column":10},"end":{"line":1364,"column":73}},"508":{"start":{"line":1368,"column":6},"end":{"line":1368,"column":69}},"509":{"start":{"line":1369,"column":6},"end":{"line":1369,"column":96}},"510":{"start":{"line":1370,"column":6},"end":{"line":1370,"column":90}},"511":{"start":{"line":1371,"column":6},"end":{"line":1371,"column":108}},"512":{"start":{"line":1372,"column":6},"end":{"line":1372,"column":98}},"513":{"start":{"line":1375,"column":6},"end":{"line":1375,"column":33}},"514":{"start":{"line":1377,"column":6},"end":{"line":1377,"column":30}},"515":{"start":{"line":1379,"column":6},"end":{"line":1379,"column":53}},"516":{"start":{"line":1384,"column":0},"end":{"line":1413,"column":3}},"517":{"start":{"line":1386,"column":17},"end":{"line":1386,"column":54}},"518":{"start":{"line":1388,"column":2},"end":{"line":1412,"column":3}},"519":{"start":{"line":1390,"column":6},"end":{"line":1392,"column":7}},"520":{"start":{"line":1391,"column":10},"end":{"line":1391,"column":73}},"521":{"start":{"line":1397,"column":29},"end":{"line":1403,"column":8}},"522":{"start":{"line":1405,"column":6},"end":{"line":1407,"column":7}},"523":{"start":{"line":1406,"column":10},"end":{"line":1406,"column":96}},"524":{"start":{"line":1409,"column":6},"end":{"line":1409,"column":31}},"525":{"start":{"line":1411,"column":6},"end":{"line":1411,"column":53}},"526":{"start":{"line":1415,"column":0},"end":{"line":1460,"column":3}},"527":{"start":{"line":1416,"column":2},"end":{"line":1459,"column":3}},"528":{"start":{"line":1417,"column":31},"end":{"line":1417,"column":47}},"529":{"start":{"line":1420,"column":33},"end":{"line":1425,"column":8}},"530":{"start":{"line":1428,"column":24},"end":{"line":1428,"column":70}},"531":{"start":{"line":1428,"column":56},"end":{"line":1428,"column":69}},"532":{"start":{"line":1431,"column":23},"end":{"line":1441,"column":8}},"533":{"start":{"line":1443,"column":6},"end":{"line":1455,"column":10}},"534":{"start":{"line":1445,"column":10},"end":{"line":1454,"column":12}},"535":{"start":{"line":1457,"column":6},"end":{"line":1457,"column":76}},"536":{"start":{"line":1458,"column":6},"end":{"line":1458,"column":67}},"537":{"start":{"line":1462,"column":0},"end":{"line":1482,"column":2}},"538":{"start":{"line":1463,"column":2},"end":{"line":1465,"column":3}},"539":{"start":{"line":1464,"column":6},"end":{"line":1464,"column":69}},"540":{"start":{"line":1466,"column":2},"end":{"line":1480,"column":3}},"541":{"start":{"line":1467,"column":42},"end":{"line":1467,"column":50}},"542":{"start":{"line":1470,"column":22},"end":{"line":1474,"column":8}},"543":{"start":{"line":1476,"column":6},"end":{"line":1476,"column":93}},"544":{"start":{"line":1478,"column":6},"end":{"line":1478,"column":67}},"545":{"start":{"line":1479,"column":6},"end":{"line":1479,"column":67}},"546":{"start":{"line":1484,"column":0},"end":{"line":1533,"column":3}},"547":{"start":{"line":1485,"column":2},"end":{"line":1487,"column":3}},"548":{"start":{"line":1486,"column":4},"end":{"line":1486,"column":67}},"549":{"start":{"line":1489,"column":2},"end":{"line":1532,"column":3}},"550":{"start":{"line":1490,"column":56},"end":{"line":1490,"column":64}},"551":{"start":{"line":1493,"column":25},"end":{"line":1493,"column":72}},"552":{"start":{"line":1494,"column":4},"end":{"line":1496,"column":5}},"553":{"start":{"line":1495,"column":6},"end":{"line":1495,"column":74}},"554":{"start":{"line":1498,"column":42},"end":{"line":1498,"column":82}},"555":{"start":{"line":1499,"column":17},"end":{"line":1503,"column":6}},"556":{"start":{"line":1505,"column":18},"end":{"line":1511,"column":6}},"557":{"start":{"line":1514,"column":21},"end":{"line":1514,"column":60}},"558":{"start":{"line":1515,"column":28},"end":{"line":1515,"column":118}},"559":{"start":{"line":1517,"column":18},"end":{"line":1517,"column":49}},"560":{"start":{"line":1518,"column":20},"end":{"line":1518,"column":209}},"561":{"start":{"line":1519,"column":4},"end":{"line":1519,"column":13}},"562":{"start":{"line":1520,"column":25},"end":{"line":1524,"column":5}},"563":{"start":{"line":1526,"column":4},"end":{"line":1526,"column":41}},"564":{"start":{"line":1527,"column":4},"end":{"line":1527,"column":63}},"565":{"start":{"line":1530,"column":4},"end":{"line":1530,"column":65}},"566":{"start":{"line":1531,"column":4},"end":{"line":1531,"column":65}},"567":{"start":{"line":1536,"column":0},"end":{"line":1667,"column":3}},"568":{"start":{"line":1546,"column":2},"end":{"line":1666,"column":3}},"569":{"start":{"line":1547,"column":60},"end":{"line":1547,"column":68}},"570":{"start":{"line":1548,"column":4},"end":{"line":1548,"column":24}},"571":{"start":{"line":1549,"column":17},"end":{"line":1549,"column":64}},"572":{"start":{"line":1550,"column":4},"end":{"line":1550,"column":80}},"573":{"start":{"line":1550,"column":15},"end":{"line":1550,"column":80}},"574":{"start":{"line":1552,"column":27},"end":{"line":1552,"column":65}},"575":{"start":{"line":1553,"column":4},"end":{"line":1553,"column":52}},"576":{"start":{"line":1555,"column":29},"end":{"line":1555,"column":83}},"577":{"start":{"line":1556,"column":4},"end":{"line":1556,"column":99}},"578":{"start":{"line":1556,"column":27},"end":{"line":1556,"column":99}},"579":{"start":{"line":1558,"column":4},"end":{"line":1568,"column":7}},"580":{"start":{"line":1570,"column":23},"end":{"line":1575,"column":6}},"581":{"start":{"line":1577,"column":25},"end":{"line":1586,"column":6}},"582":{"start":{"line":1588,"column":4},"end":{"line":1661,"column":5}},"583":{"start":{"line":1590,"column":21},"end":{"line":1590,"column":74}},"584":{"start":{"line":1591,"column":22},"end":{"line":1591,"column":39}},"585":{"start":{"line":1593,"column":6},"end":{"line":1595,"column":7}},"586":{"start":{"line":1594,"column":8},"end":{"line":1594,"column":96}},"587":{"start":{"line":1598,"column":6},"end":{"line":1643,"column":7}},"588":{"start":{"line":1599,"column":25},"end":{"line":1602,"column":10}},"589":{"start":{"line":1604,"column":8},"end":{"line":1607,"column":10}},"590":{"start":{"line":1609,"column":8},"end":{"line":1616,"column":10}},"591":{"start":{"line":1618,"column":29},"end":{"line":1622,"column":10}},"592":{"start":{"line":1624,"column":22},"end":{"line":1624,"column":57}},"593":{"start":{"line":1625,"column":24},"end":{"line":1625,"column":156}},"594":{"start":{"line":1626,"column":29},"end":{"line":1630,"column":9}},"595":{"start":{"line":1631,"column":8},"end":{"line":1631,"column":68}},"596":{"start":{"line":1633,"column":24},"end":{"line":1637,"column":10}},"597":{"start":{"line":1639,"column":8},"end":{"line":1639,"column":71}},"598":{"start":{"line":1641,"column":8},"end":{"line":1641,"column":81}},"599":{"start":{"line":1642,"column":8},"end":{"line":1642,"column":76}},"600":{"start":{"line":1645,"column":20},"end":{"line":1645,"column":55}},"601":{"start":{"line":1646,"column":22},"end":{"line":1646,"column":154}},"602":{"start":{"line":1647,"column":27},"end":{"line":1651,"column":7}},"603":{"start":{"line":1652,"column":6},"end":{"line":1652,"column":66}},"604":{"start":{"line":1654,"column":22},"end":{"line":1658,"column":8}},"605":{"start":{"line":1660,"column":6},"end":{"line":1660,"column":69}},"606":{"start":{"line":1664,"column":4},"end":{"line":1664,"column":70}},"607":{"start":{"line":1665,"column":4},"end":{"line":1665,"column":137}},"608":{"start":{"line":1669,"column":0},"end":{"line":1698,"column":3}},"609":{"start":{"line":1671,"column":18},"end":{"line":1671,"column":28}},"610":{"start":{"line":1672,"column":2},"end":{"line":1674,"column":3}},"611":{"start":{"line":1673,"column":4},"end":{"line":1673,"column":67}},"612":{"start":{"line":1676,"column":24},"end":{"line":1676,"column":60}},"613":{"start":{"line":1677,"column":2},"end":{"line":1679,"column":3}},"614":{"start":{"line":1678,"column":4},"end":{"line":1678,"column":55}},"615":{"start":{"line":1682,"column":22},"end":{"line":1682,"column":34}},"616":{"start":{"line":1683,"column":2},"end":{"line":1683,"column":30}},"617":{"start":{"line":1684,"column":18},"end":{"line":1686,"column":4}},"618":{"start":{"line":1687,"column":2},"end":{"line":1689,"column":5}},"619":{"start":{"line":1688,"column":4},"end":{"line":1688,"column":47}},"620":{"start":{"line":1691,"column":2},"end":{"line":1691,"column":20}},"621":{"start":{"line":1694,"column":2},"end":{"line":1694,"column":42}},"622":{"start":{"line":1697,"column":2},"end":{"line":1697,"column":21}},"623":{"start":{"line":1701,"column":0},"end":{"line":1739,"column":3}},"624":{"start":{"line":1702,"column":28},"end":{"line":1702,"column":38}},"625":{"start":{"line":1704,"column":2},"end":{"line":1738,"column":3}},"626":{"start":{"line":1705,"column":24},"end":{"line":1705,"column":79}},"627":{"start":{"line":1707,"column":4},"end":{"line":1710,"column":5}},"628":{"start":{"line":1708,"column":6},"end":{"line":1708,"column":69}},"629":{"start":{"line":1709,"column":6},"end":{"line":1709,"column":53}},"630":{"start":{"line":1713,"column":21},"end":{"line":1713,"column":98}},"631":{"start":{"line":1714,"column":4},"end":{"line":1714,"column":40}},"632":{"start":{"line":1717,"column":4},"end":{"line":1734,"column":7}},"633":{"start":{"line":1718,"column":6},"end":{"line":1721,"column":7}},"634":{"start":{"line":1719,"column":8},"end":{"line":1719,"column":60}},"635":{"start":{"line":1720,"column":8},"end":{"line":1720,"column":65}},"636":{"start":{"line":1724,"column":6},"end":{"line":1724,"column":94}},"637":{"start":{"line":1725,"column":6},"end":{"line":1725,"column":64}},"638":{"start":{"line":1728,"column":6},"end":{"line":1733,"column":9}},"639":{"start":{"line":1729,"column":8},"end":{"line":1732,"column":9}},"640":{"start":{"line":1730,"column":10},"end":{"line":1730,"column":52}},"641":{"start":{"line":1731,"column":10},"end":{"line":1731,"column":54}},"642":{"start":{"line":1736,"column":4},"end":{"line":1736,"column":42}},"643":{"start":{"line":1737,"column":4},"end":{"line":1737,"column":40}},"644":{"start":{"line":1741,"column":0},"end":{"line":1756,"column":3}},"645":{"start":{"line":1743,"column":4},"end":{"line":1743,"column":25}},"646":{"start":{"line":1744,"column":28},"end":{"line":1744,"column":36}},"647":{"start":{"line":1745,"column":22},"end":{"line":1745,"column":63}},"648":{"start":{"line":1747,"column":2},"end":{"line":1749,"column":3}},"649":{"start":{"line":1748,"column":4},"end":{"line":1748,"column":68}},"650":{"start":{"line":1752,"column":2},"end":{"line":1752,"column":49}},"651":{"start":{"line":1753,"column":2},"end":{"line":1753,"column":27}},"652":{"start":{"line":1754,"column":2},"end":{"line":1754,"column":23}},"653":{"start":{"line":1755,"column":2},"end":{"line":1755,"column":66}},"654":{"start":{"line":1759,"column":0},"end":{"line":1771,"column":3}},"655":{"start":{"line":1760,"column":2},"end":{"line":1770,"column":3}},"656":{"start":{"line":1762,"column":28},"end":{"line":1764,"column":8}},"657":{"start":{"line":1766,"column":6},"end":{"line":1766,"column":30}},"658":{"start":{"line":1768,"column":6},"end":{"line":1768,"column":78}},"659":{"start":{"line":1769,"column":6},"end":{"line":1769,"column":88}},"660":{"start":{"line":1773,"column":0},"end":{"line":1785,"column":3}},"661":{"start":{"line":1774,"column":2},"end":{"line":1784,"column":3}},"662":{"start":{"line":1776,"column":23},"end":{"line":1778,"column":8}},"663":{"start":{"line":1780,"column":6},"end":{"line":1780,"column":25}},"664":{"start":{"line":1782,"column":6},"end":{"line":1782,"column":75}},"665":{"start":{"line":1783,"column":6},"end":{"line":1783,"column":85}},"666":{"start":{"line":1787,"column":0},"end":{"line":1798,"column":3}},"667":{"start":{"line":1788,"column":24},"end":{"line":1788,"column":34}},"668":{"start":{"line":1790,"column":2},"end":{"line":1797,"column":3}},"669":{"start":{"line":1791,"column":22},"end":{"line":1791,"column":63}},"670":{"start":{"line":1793,"column":6},"end":{"line":1793,"column":24}},"671":{"start":{"line":1795,"column":6},"end":{"line":1795,"column":73}},"672":{"start":{"line":1796,"column":6},"end":{"line":1796,"column":83}},"673":{"start":{"line":1801,"column":0},"end":{"line":1813,"column":3}},"674":{"start":{"line":1802,"column":16},"end":{"line":1802,"column":26}},"675":{"start":{"line":1803,"column":15},"end":{"line":1803,"column":59}},"676":{"start":{"line":1804,"column":2},"end":{"line":1804,"column":76}},"677":{"start":{"line":1804,"column":13},"end":{"line":1804,"column":76}},"678":{"start":{"line":1806,"column":2},"end":{"line":1812,"column":3}},"679":{"start":{"line":1807,"column":20},"end":{"line":1807,"column":66}},"680":{"start":{"line":1808,"column":18},"end":{"line":1808,"column":69}},"681":{"start":{"line":1809,"column":4},"end":{"line":1809,"column":43}},"682":{"start":{"line":1811,"column":4},"end":{"line":1811,"column":49}},"683":{"start":{"line":1815,"column":0},"end":{"line":1830,"column":3}},"684":{"start":{"line":1816,"column":22},"end":{"line":1816,"column":32}},"685":{"start":{"line":1817,"column":2},"end":{"line":1819,"column":3}},"686":{"start":{"line":1818,"column":4},"end":{"line":1818,"column":65}},"687":{"start":{"line":1820,"column":2},"end":{"line":1827,"column":3}},"688":{"start":{"line":1821,"column":18},"end":{"line":1821,"column":70}},"689":{"start":{"line":1822,"column":17},"end":{"line":1822,"column":63}},"690":{"start":{"line":1823,"column":4},"end":{"line":1823,"column":27}},"691":{"start":{"line":1824,"column":4},"end":{"line":1824,"column":46}},"692":{"start":{"line":1826,"column":4},"end":{"line":1826,"column":49}},"693":{"start":{"line":1833,"column":0},"end":{"line":1847,"column":3}},"694":{"start":{"line":1834,"column":2},"end":{"line":1846,"column":3}},"695":{"start":{"line":1835,"column":16},"end":{"line":1835,"column":28}},"696":{"start":{"line":1836,"column":4},"end":{"line":1836,"column":16}},"697":{"start":{"line":1837,"column":4},"end":{"line":1837,"column":20}},"698":{"start":{"line":1838,"column":4},"end":{"line":1840,"column":5}},"699":{"start":{"line":1839,"column":6},"end":{"line":1839,"column":69}},"700":{"start":{"line":1842,"column":4},"end":{"line":1842,"column":69}},"701":{"start":{"line":1844,"column":4},"end":{"line":1844,"column":65}},"702":{"start":{"line":1845,"column":4},"end":{"line":1845,"column":75}},"703":{"start":{"line":1849,"column":0},"end":{"line":1856,"column":3}},"704":{"start":{"line":1850,"column":2},"end":{"line":1855,"column":3}},"705":{"start":{"line":1851,"column":20},"end":{"line":1851,"column":65}},"706":{"start":{"line":1852,"column":4},"end":{"line":1852,"column":22}},"707":{"start":{"line":1854,"column":4},"end":{"line":1854,"column":51}},"708":{"start":{"line":1858,"column":0},"end":{"line":1871,"column":3}},"709":{"start":{"line":1859,"column":21},"end":{"line":1859,"column":29}},"710":{"start":{"line":1861,"column":2},"end":{"line":1870,"column":3}},"711":{"start":{"line":1862,"column":28},"end":{"line":1865,"column":8}},"712":{"start":{"line":1867,"column":6},"end":{"line":1867,"column":84}},"713":{"start":{"line":1869,"column":6},"end":{"line":1869,"column":53}},"714":{"start":{"line":1874,"column":0},"end":{"line":1874,"column":21}}},"fnMap":{"0":{"name":"(anonymous_0)","decl":{"start":{"line":29,"column":15},"end":{"line":29,"column":16}},"loc":{"start":{"line":29,"column":40},"end":{"line":46,"column":3}},"line":29},"1":{"name":"(anonymous_1)","decl":{"start":{"line":44,"column":16},"end":{"line":44,"column":17}},"loc":{"start":{"line":44,"column":22},"end":{"line":44,"column":42}},"line":44},"2":{"name":"(anonymous_2)","decl":{"start":{"line":45,"column":17},"end":{"line":45,"column":18}},"loc":{"start":{"line":45,"column":24},"end":{"line":45,"column":31}},"line":45},"3":{"name":"(anonymous_3)","decl":{"start":{"line":47,"column":12},"end":{"line":47,"column":13}},"loc":{"start":{"line":47,"column":37},"end":{"line":63,"column":3}},"line":47},"4":{"name":"(anonymous_4)","decl":{"start":{"line":67,"column":19},"end":{"line":67,"column":20}},"loc":{"start":{"line":67,"column":38},"end":{"line":77,"column":1}},"line":67},"5":{"name":"(anonymous_5)","decl":{"start":{"line":100,"column":15},"end":{"line":100,"column":16}},"loc":{"start":{"line":100,"column":46},"end":{"line":128,"column":3}},"line":100},"6":{"name":"(anonymous_6)","decl":{"start":{"line":129,"column":12},"end":{"line":129,"column":13}},"loc":{"start":{"line":129,"column":37},"end":{"line":135,"column":3}},"line":129},"7":{"name":"optionalAuthenticateToken","decl":{"start":{"line":167,"column":9},"end":{"line":167,"column":34}},"loc":{"start":{"line":167,"column":51},"end":{"line":184,"column":1}},"line":167},"8":{"name":"(anonymous_8)","decl":{"start":{"line":175,"column":44},"end":{"line":175,"column":45}},"loc":{"start":{"line":175,"column":59},"end":{"line":183,"column":3}},"line":175},"9":{"name":"genererChaineAlphanumeriqueAleatoire","decl":{"start":{"line":188,"column":9},"end":{"line":188,"column":45}},"loc":{"start":{"line":188,"column":56},"end":{"line":196,"column":1}},"line":188},"10":{"name":"sendEmail","decl":{"start":{"line":199,"column":15},"end":{"line":199,"column":24}},"loc":{"start":{"line":199,"column":50},"end":{"line":234,"column":1}},"line":199},"11":{"name":"(anonymous_11)","decl":{"start":{"line":208,"column":47},"end":{"line":208,"column":48}},"loc":{"start":{"line":208,"column":75},"end":{"line":232,"column":3}},"line":208},"12":{"name":"(anonymous_12)","decl":{"start":{"line":236,"column":12},"end":{"line":236,"column":13}},"loc":{"start":{"line":236,"column":25},"end":{"line":236,"column":60}},"line":236},"13":{"name":"(anonymous_13)","decl":{"start":{"line":237,"column":19},"end":{"line":237,"column":20}},"loc":{"start":{"line":237,"column":29},"end":{"line":246,"column":1}},"line":237},"14":{"name":"(anonymous_14)","decl":{"start":{"line":248,"column":28},"end":{"line":248,"column":29}},"loc":{"start":{"line":248,"column":48},"end":{"line":260,"column":1}},"line":248},"15":{"name":"(anonymous_15)","decl":{"start":{"line":263,"column":29},"end":{"line":263,"column":30}},"loc":{"start":{"line":263,"column":49},"end":{"line":297,"column":1}},"line":263},"16":{"name":"(anonymous_16)","decl":{"start":{"line":300,"column":32},"end":{"line":300,"column":33}},"loc":{"start":{"line":300,"column":52},"end":{"line":330,"column":1}},"line":300},"17":{"name":"(anonymous_17)","decl":{"start":{"line":332,"column":59},"end":{"line":332,"column":60}},"loc":{"start":{"line":332,"column":79},"end":{"line":364,"column":1}},"line":332},"18":{"name":"(anonymous_18)","decl":{"start":{"line":366,"column":55},"end":{"line":366,"column":56}},"loc":{"start":{"line":366,"column":75},"end":{"line":406,"column":1}},"line":366},"19":{"name":"(anonymous_19)","decl":{"start":{"line":410,"column":66},"end":{"line":410,"column":67}},"loc":{"start":{"line":410,"column":86},"end":{"line":432,"column":1}},"line":410},"20":{"name":"(anonymous_20)","decl":{"start":{"line":435,"column":60},"end":{"line":435,"column":61}},"loc":{"start":{"line":435,"column":80},"end":{"line":453,"column":1}},"line":435},"21":{"name":"(anonymous_21)","decl":{"start":{"line":455,"column":74},"end":{"line":455,"column":75}},"loc":{"start":{"line":455,"column":94},"end":{"line":482,"column":1}},"line":455},"22":{"name":"(anonymous_22)","decl":{"start":{"line":484,"column":82},"end":{"line":484,"column":83}},"loc":{"start":{"line":484,"column":102},"end":{"line":513,"column":1}},"line":484},"23":{"name":"(anonymous_23)","decl":{"start":{"line":517,"column":55},"end":{"line":517,"column":56}},"loc":{"start":{"line":517,"column":75},"end":{"line":564,"column":1}},"line":517},"24":{"name":"(anonymous_24)","decl":{"start":{"line":568,"column":53},"end":{"line":568,"column":54}},"loc":{"start":{"line":568,"column":71},"end":{"line":592,"column":1}},"line":568},"25":{"name":"(anonymous_25)","decl":{"start":{"line":594,"column":53},"end":{"line":594,"column":54}},"loc":{"start":{"line":594,"column":71},"end":{"line":616,"column":1}},"line":594},"26":{"name":"(anonymous_26)","decl":{"start":{"line":620,"column":49},"end":{"line":620,"column":50}},"loc":{"start":{"line":620,"column":69},"end":{"line":638,"column":1}},"line":620},"27":{"name":"(anonymous_27)","decl":{"start":{"line":640,"column":50},"end":{"line":640,"column":51}},"loc":{"start":{"line":640,"column":70},"end":{"line":669,"column":1}},"line":640},"28":{"name":"(anonymous_28)","decl":{"start":{"line":671,"column":52},"end":{"line":671,"column":53}},"loc":{"start":{"line":671,"column":72},"end":{"line":691,"column":1}},"line":671},"29":{"name":"(anonymous_29)","decl":{"start":{"line":693,"column":47},"end":{"line":693,"column":48}},"loc":{"start":{"line":693,"column":67},"end":{"line":705,"column":1}},"line":693},"30":{"name":"(anonymous_30)","decl":{"start":{"line":708,"column":47},"end":{"line":708,"column":48}},"loc":{"start":{"line":708,"column":67},"end":{"line":720,"column":1}},"line":708},"31":{"name":"(anonymous_31)","decl":{"start":{"line":723,"column":39},"end":{"line":723,"column":40}},"loc":{"start":{"line":723,"column":59},"end":{"line":750,"column":1}},"line":723},"32":{"name":"(anonymous_32)","decl":{"start":{"line":753,"column":38},"end":{"line":753,"column":39}},"loc":{"start":{"line":753,"column":58},"end":{"line":786,"column":1}},"line":753},"33":{"name":"(anonymous_33)","decl":{"start":{"line":790,"column":63},"end":{"line":790,"column":64}},"loc":{"start":{"line":790,"column":83},"end":{"line":853,"column":1}},"line":790},"34":{"name":"(anonymous_34)","decl":{"start":{"line":855,"column":66},"end":{"line":855,"column":67}},"loc":{"start":{"line":855,"column":85},"end":{"line":869,"column":1}},"line":855},"35":{"name":"(anonymous_35)","decl":{"start":{"line":871,"column":57},"end":{"line":871,"column":58}},"loc":{"start":{"line":871,"column":76},"end":{"line":895,"column":1}},"line":871},"36":{"name":"(anonymous_36)","decl":{"start":{"line":898,"column":59},"end":{"line":898,"column":60}},"loc":{"start":{"line":898,"column":78},"end":{"line":919,"column":1}},"line":898},"37":{"name":"(anonymous_37)","decl":{"start":{"line":921,"column":61},"end":{"line":921,"column":62}},"loc":{"start":{"line":921,"column":79},"end":{"line":942,"column":1}},"line":921},"38":{"name":"(anonymous_38)","decl":{"start":{"line":945,"column":82},"end":{"line":945,"column":83}},"loc":{"start":{"line":945,"column":102},"end":{"line":967,"column":1}},"line":945},"39":{"name":"(anonymous_39)","decl":{"start":{"line":970,"column":77},"end":{"line":970,"column":78}},"loc":{"start":{"line":970,"column":97},"end":{"line":990,"column":1}},"line":970},"40":{"name":"(anonymous_40)","decl":{"start":{"line":993,"column":52},"end":{"line":993,"column":53}},"loc":{"start":{"line":993,"column":72},"end":{"line":1028,"column":1}},"line":993},"41":{"name":"(anonymous_41)","decl":{"start":{"line":1031,"column":50},"end":{"line":1031,"column":51}},"loc":{"start":{"line":1031,"column":70},"end":{"line":1058,"column":1}},"line":1031},"42":{"name":"(anonymous_42)","decl":{"start":{"line":1060,"column":39},"end":{"line":1060,"column":40}},"loc":{"start":{"line":1060,"column":59},"end":{"line":1099,"column":3}},"line":1060},"43":{"name":"(anonymous_43)","decl":{"start":{"line":1102,"column":56},"end":{"line":1102,"column":57}},"loc":{"start":{"line":1102,"column":74},"end":{"line":1195,"column":1}},"line":1102},"44":{"name":"(anonymous_44)","decl":{"start":{"line":1122,"column":58},"end":{"line":1122,"column":59}},"loc":{"start":{"line":1122,"column":74},"end":{"line":1126,"column":9}},"line":1122},"45":{"name":"(anonymous_45)","decl":{"start":{"line":1176,"column":59},"end":{"line":1176,"column":60}},"loc":{"start":{"line":1176,"column":75},"end":{"line":1182,"column":11}},"line":1176},"46":{"name":"(anonymous_46)","decl":{"start":{"line":1200,"column":56},"end":{"line":1200,"column":57}},"loc":{"start":{"line":1200,"column":74},"end":{"line":1293,"column":1}},"line":1200},"47":{"name":"(anonymous_47)","decl":{"start":{"line":1220,"column":58},"end":{"line":1220,"column":59}},"loc":{"start":{"line":1220,"column":74},"end":{"line":1224,"column":9}},"line":1220},"48":{"name":"(anonymous_48)","decl":{"start":{"line":1274,"column":59},"end":{"line":1274,"column":60}},"loc":{"start":{"line":1274,"column":75},"end":{"line":1280,"column":11}},"line":1274},"49":{"name":"(anonymous_49)","decl":{"start":{"line":1295,"column":20},"end":{"line":1295,"column":21}},"loc":{"start":{"line":1295,"column":34},"end":{"line":1304,"column":1}},"line":1295},"50":{"name":"(anonymous_50)","decl":{"start":{"line":1299,"column":25},"end":{"line":1299,"column":26}},"loc":{"start":{"line":1299,"column":34},"end":{"line":1303,"column":3}},"line":1299},"51":{"name":"(anonymous_51)","decl":{"start":{"line":1307,"column":55},"end":{"line":1307,"column":56}},"loc":{"start":{"line":1307,"column":75},"end":{"line":1338,"column":1}},"line":1307},"52":{"name":"(anonymous_52)","decl":{"start":{"line":1341,"column":54},"end":{"line":1341,"column":55}},"loc":{"start":{"line":1341,"column":74},"end":{"line":1381,"column":1}},"line":1341},"53":{"name":"(anonymous_53)","decl":{"start":{"line":1384,"column":64},"end":{"line":1384,"column":65}},"loc":{"start":{"line":1384,"column":84},"end":{"line":1413,"column":1}},"line":1384},"54":{"name":"(anonymous_54)","decl":{"start":{"line":1415,"column":44},"end":{"line":1415,"column":45}},"loc":{"start":{"line":1415,"column":64},"end":{"line":1460,"column":1}},"line":1415},"55":{"name":"(anonymous_55)","decl":{"start":{"line":1428,"column":47},"end":{"line":1428,"column":48}},"loc":{"start":{"line":1428,"column":56},"end":{"line":1428,"column":69}},"line":1428},"56":{"name":"(anonymous_56)","decl":{"start":{"line":1443,"column":28},"end":{"line":1443,"column":29}},"loc":{"start":{"line":1443,"column":39},"end":{"line":1455,"column":7}},"line":1443},"57":{"name":"(anonymous_57)","decl":{"start":{"line":1462,"column":45},"end":{"line":1462,"column":46}},"loc":{"start":{"line":1462,"column":65},"end":{"line":1481,"column":1}},"line":1462},"58":{"name":"(anonymous_58)","decl":{"start":{"line":1484,"column":53},"end":{"line":1484,"column":54}},"loc":{"start":{"line":1484,"column":73},"end":{"line":1533,"column":1}},"line":1484},"59":{"name":"(anonymous_59)","decl":{"start":{"line":1545,"column":4},"end":{"line":1545,"column":5}},"loc":{"start":{"line":1545,"column":24},"end":{"line":1667,"column":1}},"line":1545},"60":{"name":"(anonymous_60)","decl":{"start":{"line":1669,"column":50},"end":{"line":1669,"column":51}},"loc":{"start":{"line":1669,"column":70},"end":{"line":1698,"column":1}},"line":1669},"61":{"name":"(anonymous_61)","decl":{"start":{"line":1687,"column":22},"end":{"line":1687,"column":23}},"loc":{"start":{"line":1687,"column":36},"end":{"line":1689,"column":3}},"line":1687},"62":{"name":"(anonymous_62)","decl":{"start":{"line":1701,"column":52},"end":{"line":1701,"column":53}},"loc":{"start":{"line":1701,"column":72},"end":{"line":1739,"column":1}},"line":1701},"63":{"name":"(anonymous_63)","decl":{"start":{"line":1717,"column":43},"end":{"line":1717,"column":44}},"loc":{"start":{"line":1717,"column":52},"end":{"line":1734,"column":5}},"line":1717},"64":{"name":"(anonymous_64)","decl":{"start":{"line":1728,"column":29},"end":{"line":1728,"column":30}},"loc":{"start":{"line":1728,"column":38},"end":{"line":1733,"column":7}},"line":1728},"65":{"name":"(anonymous_65)","decl":{"start":{"line":1742,"column":61},"end":{"line":1742,"column":62}},"loc":{"start":{"line":1742,"column":81},"end":{"line":1756,"column":1}},"line":1742},"66":{"name":"(anonymous_66)","decl":{"start":{"line":1759,"column":30},"end":{"line":1759,"column":31}},"loc":{"start":{"line":1759,"column":50},"end":{"line":1771,"column":1}},"line":1759},"67":{"name":"(anonymous_67)","decl":{"start":{"line":1773,"column":44},"end":{"line":1773,"column":45}},"loc":{"start":{"line":1773,"column":64},"end":{"line":1785,"column":1}},"line":1773},"68":{"name":"(anonymous_68)","decl":{"start":{"line":1787,"column":36},"end":{"line":1787,"column":37}},"loc":{"start":{"line":1787,"column":56},"end":{"line":1798,"column":1}},"line":1787},"69":{"name":"(anonymous_69)","decl":{"start":{"line":1801,"column":42},"end":{"line":1801,"column":43}},"loc":{"start":{"line":1801,"column":62},"end":{"line":1813,"column":1}},"line":1801},"70":{"name":"(anonymous_70)","decl":{"start":{"line":1815,"column":54},"end":{"line":1815,"column":55}},"loc":{"start":{"line":1815,"column":74},"end":{"line":1830,"column":1}},"line":1815},"71":{"name":"(anonymous_71)","decl":{"start":{"line":1833,"column":94},"end":{"line":1833,"column":95}},"loc":{"start":{"line":1833,"column":114},"end":{"line":1847,"column":1}},"line":1833},"72":{"name":"(anonymous_72)","decl":{"start":{"line":1849,"column":37},"end":{"line":1849,"column":38}},"loc":{"start":{"line":1849,"column":57},"end":{"line":1856,"column":1}},"line":1849},"73":{"name":"(anonymous_73)","decl":{"start":{"line":1858,"column":48},"end":{"line":1858,"column":49}},"loc":{"start":{"line":1858,"column":68},"end":{"line":1871,"column":1}},"line":1858}},"branchMap":{"0":{"loc":{"start":{"line":33,"column":27},"end":{"line":33,"column":63}},"type":"binary-expr","locations":[{"start":{"line":33,"column":27},"end":{"line":33,"column":39}},{"start":{"line":33,"column":43},"end":{"line":33,"column":50}},{"start":{"line":33,"column":54},"end":{"line":33,"column":63}}],"line":33},"1":{"loc":{"start":{"line":36,"column":6},"end":{"line":38,"column":7}},"type":"if","locations":[{"start":{"line":36,"column":6},"end":{"line":38,"column":7}},{"start":{},"end":{}}],"line":36},"2":{"loc":{"start":{"line":36,"column":10},"end":{"line":36,"column":60}},"type":"binary-expr","locations":[{"start":{"line":36,"column":10},"end":{"line":36,"column":43}},{"start":{"line":36,"column":47},"end":{"line":36,"column":60}}],"line":36},"3":{"loc":{"start":{"line":54,"column":6},"end":{"line":58,"column":7}},"type":"if","locations":[{"start":{"line":54,"column":6},"end":{"line":58,"column":7}},{"start":{"line":56,"column":13},"end":{"line":58,"column":7}}],"line":54},"4":{"loc":{"start":{"line":70,"column":21},"end":{"line":70,"column":92}},"type":"binary-expr","locations":[{"start":{"line":70,"column":21},"end":{"line":70,"column":53}},{"start":{"line":70,"column":57},"end":{"line":70,"column":92}}],"line":70},"5":{"loc":{"start":{"line":72,"column":2},"end":{"line":76,"column":3}},"type":"if","locations":[{"start":{"line":72,"column":2},"end":{"line":76,"column":3}},{"start":{"line":74,"column":9},"end":{"line":76,"column":3}}],"line":72},"6":{"loc":{"start":{"line":104,"column":4},"end":{"line":106,"column":5}},"type":"if","locations":[{"start":{"line":104,"column":4},"end":{"line":106,"column":5}},{"start":{},"end":{}}],"line":104},"7":{"loc":{"start":{"line":110,"column":6},"end":{"line":112,"column":7}},"type":"if","locations":[{"start":{"line":110,"column":6},"end":{"line":112,"column":7}},{"start":{},"end":{}}],"line":110},"8":{"loc":{"start":{"line":115,"column":6},"end":{"line":117,"column":7}},"type":"if","locations":[{"start":{"line":115,"column":6},"end":{"line":117,"column":7}},{"start":{},"end":{}}],"line":115},"9":{"loc":{"start":{"line":169,"column":16},"end":{"line":169,"column":54}},"type":"binary-expr","locations":[{"start":{"line":169,"column":16},"end":{"line":169,"column":26}},{"start":{"line":169,"column":30},"end":{"line":169,"column":54}}],"line":169},"10":{"loc":{"start":{"line":171,"column":2},"end":{"line":173,"column":3}},"type":"if","locations":[{"start":{"line":171,"column":2},"end":{"line":173,"column":3}},{"start":{},"end":{}}],"line":171},"11":{"loc":{"start":{"line":176,"column":4},"end":{"line":179,"column":5}},"type":"if","locations":[{"start":{"line":176,"column":4},"end":{"line":179,"column":5}},{"start":{},"end":{}}],"line":176},"12":{"loc":{"start":{"line":209,"column":4},"end":{"line":212,"column":5}},"type":"if","locations":[{"start":{"line":209,"column":4},"end":{"line":212,"column":5}},{"start":{},"end":{}}],"line":209},"13":{"loc":{"start":{"line":236,"column":25},"end":{"line":236,"column":60}},"type":"cond-expr","locations":[{"start":{"line":236,"column":39},"end":{"line":236,"column":51}},{"start":{"line":236,"column":54},"end":{"line":236,"column":60}}],"line":236},"14":{"loc":{"start":{"line":271,"column":6},"end":{"line":273,"column":7}},"type":"if","locations":[{"start":{"line":271,"column":6},"end":{"line":273,"column":7}},{"start":{},"end":{}}],"line":271},"15":{"loc":{"start":{"line":278,"column":6},"end":{"line":280,"column":7}},"type":"if","locations":[{"start":{"line":278,"column":6},"end":{"line":280,"column":7}},{"start":{},"end":{}}],"line":278},"16":{"loc":{"start":{"line":305,"column":8},"end":{"line":307,"column":9}},"type":"if","locations":[{"start":{"line":305,"column":8},"end":{"line":307,"column":9}},{"start":{},"end":{}}],"line":305},"17":{"loc":{"start":{"line":337,"column":19},"end":{"line":337,"column":90}},"type":"cond-expr","locations":[{"start":{"line":337,"column":85},"end":{"line":337,"column":86}},{"start":{"line":337,"column":89},"end":{"line":337,"column":90}}],"line":337},"18":{"loc":{"start":{"line":337,"column":20},"end":{"line":337,"column":81}},"type":"binary-expr","locations":[{"start":{"line":337,"column":20},"end":{"line":337,"column":49}},{"start":{"line":337,"column":53},"end":{"line":337,"column":81}}],"line":337},"19":{"loc":{"start":{"line":339,"column":4},"end":{"line":341,"column":5}},"type":"if","locations":[{"start":{"line":339,"column":4},"end":{"line":341,"column":5}},{"start":{},"end":{}}],"line":339},"20":{"loc":{"start":{"line":375,"column":4},"end":{"line":377,"column":5}},"type":"if","locations":[{"start":{"line":375,"column":4},"end":{"line":377,"column":5}},{"start":{},"end":{}}],"line":375},"21":{"loc":{"start":{"line":416,"column":4},"end":{"line":418,"column":5}},"type":"if","locations":[{"start":{"line":416,"column":4},"end":{"line":418,"column":5}},{"start":{},"end":{}}],"line":416},"22":{"loc":{"start":{"line":441,"column":6},"end":{"line":443,"column":7}},"type":"if","locations":[{"start":{"line":441,"column":6},"end":{"line":443,"column":7}},{"start":{},"end":{}}],"line":441},"23":{"loc":{"start":{"line":461,"column":4},"end":{"line":463,"column":5}},"type":"if","locations":[{"start":{"line":461,"column":4},"end":{"line":463,"column":5}},{"start":{},"end":{}}],"line":461},"24":{"loc":{"start":{"line":466,"column":4},"end":{"line":468,"column":5}},"type":"if","locations":[{"start":{"line":466,"column":4},"end":{"line":468,"column":5}},{"start":{},"end":{}}],"line":466},"25":{"loc":{"start":{"line":490,"column":4},"end":{"line":492,"column":5}},"type":"if","locations":[{"start":{"line":490,"column":4},"end":{"line":492,"column":5}},{"start":{},"end":{}}],"line":490},"26":{"loc":{"start":{"line":495,"column":4},"end":{"line":497,"column":5}},"type":"if","locations":[{"start":{"line":495,"column":4},"end":{"line":497,"column":5}},{"start":{},"end":{}}],"line":495},"27":{"loc":{"start":{"line":521,"column":4},"end":{"line":526,"column":5}},"type":"if","locations":[{"start":{"line":521,"column":4},"end":{"line":526,"column":5}},{"start":{"line":523,"column":11},"end":{"line":526,"column":5}}],"line":521},"28":{"loc":{"start":{"line":523,"column":11},"end":{"line":526,"column":5}},"type":"if","locations":[{"start":{"line":523,"column":11},"end":{"line":526,"column":5}},{"start":{},"end":{}}],"line":523},"29":{"loc":{"start":{"line":645,"column":4},"end":{"line":657,"column":5}},"type":"if","locations":[{"start":{"line":645,"column":4},"end":{"line":657,"column":5}},{"start":{"line":649,"column":11},"end":{"line":657,"column":5}}],"line":645},"30":{"loc":{"start":{"line":732,"column":6},"end":{"line":734,"column":7}},"type":"if","locations":[{"start":{"line":732,"column":6},"end":{"line":734,"column":7}},{"start":{},"end":{}}],"line":732},"31":{"loc":{"start":{"line":765,"column":4},"end":{"line":767,"column":5}},"type":"if","locations":[{"start":{"line":765,"column":4},"end":{"line":767,"column":5}},{"start":{},"end":{}}],"line":765},"32":{"loc":{"start":{"line":797,"column":4},"end":{"line":799,"column":5}},"type":"if","locations":[{"start":{"line":797,"column":4},"end":{"line":799,"column":5}},{"start":{},"end":{}}],"line":797},"33":{"loc":{"start":{"line":822,"column":4},"end":{"line":846,"column":5}},"type":"if","locations":[{"start":{"line":822,"column":4},"end":{"line":846,"column":5}},{"start":{},"end":{}}],"line":822},"34":{"loc":{"start":{"line":859,"column":4},"end":{"line":864,"column":5}},"type":"if","locations":[{"start":{"line":859,"column":4},"end":{"line":864,"column":5}},{"start":{"line":862,"column":11},"end":{"line":864,"column":5}}],"line":859},"35":{"loc":{"start":{"line":859,"column":8},"end":{"line":859,"column":90}},"type":"binary-expr","locations":[{"start":{"line":859,"column":8},"end":{"line":859,"column":47}},{"start":{"line":859,"column":51},"end":{"line":859,"column":90}}],"line":859},"36":{"loc":{"start":{"line":878,"column":4},"end":{"line":880,"column":5}},"type":"if","locations":[{"start":{"line":878,"column":4},"end":{"line":880,"column":5}},{"start":{},"end":{}}],"line":878},"37":{"loc":{"start":{"line":899,"column":2},"end":{"line":917,"column":3}},"type":"if","locations":[{"start":{"line":899,"column":2},"end":{"line":917,"column":3}},{"start":{"line":915,"column":8},"end":{"line":917,"column":3}}],"line":899},"38":{"loc":{"start":{"line":922,"column":2},"end":{"line":940,"column":3}},"type":"if","locations":[{"start":{"line":922,"column":2},"end":{"line":940,"column":3}},{"start":{"line":938,"column":9},"end":{"line":940,"column":3}}],"line":922},"39":{"loc":{"start":{"line":946,"column":2},"end":{"line":966,"column":3}},"type":"if","locations":[{"start":{"line":946,"column":2},"end":{"line":966,"column":3}},{"start":{"line":964,"column":9},"end":{"line":966,"column":3}}],"line":946},"40":{"loc":{"start":{"line":949,"column":6},"end":{"line":951,"column":7}},"type":"if","locations":[{"start":{"line":949,"column":6},"end":{"line":951,"column":7}},{"start":{},"end":{}}],"line":949},"41":{"loc":{"start":{"line":971,"column":0},"end":{"line":989,"column":1}},"type":"if","locations":[{"start":{"line":971,"column":0},"end":{"line":989,"column":1}},{"start":{"line":987,"column":6},"end":{"line":989,"column":1}}],"line":971},"42":{"loc":{"start":{"line":994,"column":2},"end":{"line":1027,"column":3}},"type":"if","locations":[{"start":{"line":994,"column":2},"end":{"line":1027,"column":3}},{"start":{"line":1025,"column":9},"end":{"line":1027,"column":3}}],"line":994},"43":{"loc":{"start":{"line":999,"column":6},"end":{"line":1001,"column":7}},"type":"if","locations":[{"start":{"line":999,"column":6},"end":{"line":1001,"column":7}},{"start":{},"end":{}}],"line":999},"44":{"loc":{"start":{"line":999,"column":10},"end":{"line":999,"column":57}},"type":"binary-expr","locations":[{"start":{"line":999,"column":10},"end":{"line":999,"column":33}},{"start":{"line":999,"column":37},"end":{"line":999,"column":57}}],"line":999},"45":{"loc":{"start":{"line":1032,"column":2},"end":{"line":1057,"column":3}},"type":"if","locations":[{"start":{"line":1032,"column":2},"end":{"line":1057,"column":3}},{"start":{"line":1055,"column":9},"end":{"line":1057,"column":3}}],"line":1032},"46":{"loc":{"start":{"line":1043,"column":6},"end":{"line":1049,"column":7}},"type":"if","locations":[{"start":{"line":1043,"column":6},"end":{"line":1049,"column":7}},{"start":{},"end":{}}],"line":1043},"47":{"loc":{"start":{"line":1061,"column":2},"end":{"line":1098,"column":5}},"type":"switch","locations":[{"start":{"line":1062,"column":4},"end":{"line":1081,"column":12}},{"start":{"line":1082,"column":4},"end":{"line":1093,"column":12}},{"start":{"line":1095,"column":4},"end":{"line":1097,"column":12}}],"line":1061},"48":{"loc":{"start":{"line":1106,"column":2},"end":{"line":1194,"column":5}},"type":"switch","locations":[{"start":{"line":1107,"column":4},"end":{"line":1131,"column":12}},{"start":{"line":1133,"column":4},"end":{"line":1147,"column":12}},{"start":{"line":1148,"column":6},"end":{"line":1188,"column":14}},{"start":{"line":1190,"column":4},"end":{"line":1192,"column":12}}],"line":1106},"49":{"loc":{"start":{"line":1204,"column":2},"end":{"line":1292,"column":5}},"type":"switch","locations":[{"start":{"line":1205,"column":4},"end":{"line":1229,"column":12}},{"start":{"line":1231,"column":4},"end":{"line":1245,"column":12}},{"start":{"line":1246,"column":6},"end":{"line":1286,"column":14}},{"start":{"line":1288,"column":4},"end":{"line":1290,"column":12}}],"line":1204},"50":{"loc":{"start":{"line":1300,"column":4},"end":{"line":1302,"column":5}},"type":"if","locations":[{"start":{"line":1300,"column":4},"end":{"line":1302,"column":5}},{"start":{},"end":{}}],"line":1300},"51":{"loc":{"start":{"line":1311,"column":2},"end":{"line":1320,"column":3}},"type":"if","locations":[{"start":{"line":1311,"column":2},"end":{"line":1320,"column":3}},{"start":{"line":1314,"column":9},"end":{"line":1320,"column":3}}],"line":1311},"52":{"loc":{"start":{"line":1314,"column":9},"end":{"line":1320,"column":3}},"type":"if","locations":[{"start":{"line":1314,"column":9},"end":{"line":1320,"column":3}},{"start":{"line":1317,"column":9},"end":{"line":1320,"column":3}}],"line":1314},"53":{"loc":{"start":{"line":1348,"column":6},"end":{"line":1350,"column":7}},"type":"if","locations":[{"start":{"line":1348,"column":6},"end":{"line":1350,"column":7}},{"start":{},"end":{}}],"line":1348},"54":{"loc":{"start":{"line":1353,"column":6},"end":{"line":1365,"column":7}},"type":"if","locations":[{"start":{"line":1353,"column":6},"end":{"line":1365,"column":7}},{"start":{"line":1356,"column":13},"end":{"line":1365,"column":7}}],"line":1353},"55":{"loc":{"start":{"line":1353,"column":10},"end":{"line":1353,"column":86}},"type":"binary-expr","locations":[{"start":{"line":1353,"column":10},"end":{"line":1353,"column":41}},{"start":{"line":1353,"column":45},"end":{"line":1353,"column":86}}],"line":1353},"56":{"loc":{"start":{"line":1356,"column":13},"end":{"line":1365,"column":7}},"type":"if","locations":[{"start":{"line":1356,"column":13},"end":{"line":1365,"column":7}},{"start":{"line":1362,"column":13},"end":{"line":1365,"column":7}}],"line":1356},"57":{"loc":{"start":{"line":1359,"column":10},"end":{"line":1361,"column":11}},"type":"if","locations":[{"start":{"line":1359,"column":10},"end":{"line":1361,"column":11}},{"start":{},"end":{}}],"line":1359},"58":{"loc":{"start":{"line":1368,"column":29},"end":{"line":1368,"column":68}},"type":"binary-expr","locations":[{"start":{"line":1368,"column":29},"end":{"line":1368,"column":44}},{"start":{"line":1368,"column":48},"end":{"line":1368,"column":68}}],"line":1368},"59":{"loc":{"start":{"line":1369,"column":38},"end":{"line":1369,"column":95}},"type":"binary-expr","locations":[{"start":{"line":1369,"column":38},"end":{"line":1369,"column":62}},{"start":{"line":1369,"column":66},"end":{"line":1369,"column":95}}],"line":1369},"60":{"loc":{"start":{"line":1370,"column":36},"end":{"line":1370,"column":89}},"type":"binary-expr","locations":[{"start":{"line":1370,"column":36},"end":{"line":1370,"column":58}},{"start":{"line":1370,"column":62},"end":{"line":1370,"column":89}}],"line":1370},"61":{"loc":{"start":{"line":1371,"column":42},"end":{"line":1371,"column":107}},"type":"binary-expr","locations":[{"start":{"line":1371,"column":42},"end":{"line":1371,"column":70}},{"start":{"line":1371,"column":74},"end":{"line":1371,"column":107}}],"line":1371},"62":{"loc":{"start":{"line":1372,"column":40},"end":{"line":1372,"column":97}},"type":"binary-expr","locations":[{"start":{"line":1372,"column":40},"end":{"line":1372,"column":62}},{"start":{"line":1372,"column":66},"end":{"line":13
[...]
6":0,"227":0,"228":2,"229":0,"230":0,"231":0,"232":0,"233":0,"234":0,"235":0,"236":0,"237":0,"238":2,"239":0,"240":0,"241":0,"242":0,"243":0,"244":0,"245":0,"246":0,"247":0,"248":0,"249":0,"250":0,"251":2,"252":0,"253":0,"254":0,"255":0,"256":0,"257":0,"258":0,"259":0,"260":0,"261":0,"262":2,"263":0,"264":0,"265":0,"266":0,"267":2,"268":0,"269":0,"270":0,"271":0,"272":0,"273":0,"274":0,"275":0,"276":2,"277":0,"278":0,"279":0,"280":0,"281":2,"282":0,"283":0,"284":0,"285":0,"286":2,"287":0,"288":0,"289":0,"290":0,"291":2,"292":0,"293":0,"294":0,"295":0,"296":0,"297":0,"298":0,"299":0,"300":0,"301":0,"302":0,"303":2,"304":0,"305":0,"306":0,"307":0,"308":0,"309":0,"310":0,"311":0,"312":0,"313":2,"314":3,"315":3,"316":3,"317":3,"318":2,"319":2,"320":2,"321":1,"322":1,"323":1,"324":0,"325":0,"326":0,"327":0,"328":1,"329":1,"330":1,"331":2,"332":0,"333":0,"334":0,"335":0,"336":0,"337":0,"338":0,"339":0,"340":0,"341":2,"342":0,"343":0,"344":0,"345":0,"346":0,"347":0,"348":0,"349":0,"350":0,"351":2,"352":0,"353":0,"354":0,"355":0,"356":0,"357":0,"358":0,"359":0,"360":2,"361":0,"362":0,"363":0,"364":0,"365":0,"366":0,"367":0,"368":0,"369":2,"370":0,"371":0,"372":0,"373":0,"374":0,"375":0,"376":0,"377":0,"378":0,"379":0,"380":0,"381":2,"382":0,"383":0,"384":0,"385":0,"386":0,"387":0,"388":0,"389":0,"390":0,"391":2,"392":0,"393":0,"394":0,"395":0,"396":0,"397":0,"398":0,"399":0,"400":0,"401":0,"402":0,"403":2,"404":0,"405":0,"406":0,"407":0,"408":0,"409":0,"410":0,"411":0,"412":0,"413":2,"414":0,"415":0,"416":0,"417":0,"418":0,"419":0,"420":0,"421":0,"422":0,"423":0,"424":0,"425":0,"426":0,"427":2,"428":0,"429":0,"430":0,"431":0,"432":0,"433":0,"434":0,"435":0,"436":0,"437":0,"438":0,"439":0,"440":0,"441":0,"442":0,"443":0,"444":0,"445":0,"446":0,"447":0,"448":0,"449":0,"450":0,"451":0,"452":0,"453":2,"454":0,"455":0,"456":0,"457":0,"458":0,"459":0,"460":0,"461":0,"462":0,"463":0,"464":0,"465":0,"466":0,"467":0,"468":0,"469":0,"470":0,"471":0,"472":0,"473":0,"474":0,"475":0,"476":0,"477":0,"478":0,"479":2,"480":0,"481":0,"482":0,"483":0,"484":0,"485":2,"486":0,"487":0,"488":0,"489":0,"490":0,"491":0,"492":0,"493":0,"494":0,"495":0,"496":2,"497":0,"498":0,"499":0,"500":0,"501":0,"502":0,"503":0,"504":0,"505":0,"506":0,"507":0,"508":0,"509":0,"510":0,"511":0,"512":0,"513":0,"514":0,"515":0,"516":2,"517":0,"518":0,"519":0,"520":0,"521":0,"522":0,"523":0,"524":0,"525":0,"526":2,"527":0,"528":0,"529":0,"530":0,"531":0,"532":0,"533":0,"534":0,"535":0,"536":0,"537":2,"538":0,"539":0,"540":0,"541":0,"542":0,"543":0,"544":0,"545":0,"546":2,"547":0,"548":0,"549":0,"550":0,"551":0,"552":0,"553":0,"554":0,"555":0,"556":0,"557":0,"558":0,"559":0,"560":0,"561":0,"562":0,"563":0,"564":0,"565":0,"566":0,"567":2,"568":0,"569":0,"570":0,"571":0,"572":0,"573":0,"574":0,"575":0,"576":0,"577":0,"578":0,"579":0,"580":0,"581":0,"582":0,"583":0,"584":0,"585":0,"586":0,"587":0,"588":0,"589":0,"590":0,"591":0,"592":0,"593":0,"594":0,"595":0,"596":0,"597":0,"598":0,"599":0,"600":0,"601":0,"602":0,"603":0,"604":0,"605":0,"606":0,"607":0,"608":2,"609":0,"610":0,"611":0,"612":0,"613":0,"614":0,"615":0,"616":0,"617":0,"618":0,"619":0,"620":0,"621":0,"622":0,"623":2,"624":0,"625":0,"626":0,"627":0,"628":0,"629":0,"630":0,"631":0,"632":0,"633":0,"634":0,"635":0,"636":0,"637":0,"638":0,"639":0,"640":0,"641":0,"642":0,"643":0,"644":2,"645":0,"646":0,"647":0,"648":0,"649":0,"650":0,"651":0,"652":0,"653":0,"654":2,"655":0,"656":0,"657":0,"658":0,"659":0,"660":2,"661":0,"662":0,"663":0,"664":0,"665":0,"666":2,"667":0,"668":0,"669":0,"670":0,"671":0,"672":0,"673":2,"674":0,"675":0,"676":0,"677":0,"678":0,"679":0,"680":0,"681":0,"682":0,"683":2,"684":0,"685":0,"686":0,"687":0,"688":0,"689":0,"690":0,"691":0,"692":0,"693":2,"694":0,"695":0,"696":0,"697":0,"698":0,"699":0,"700":0,"701":0,"702":0,"703":2,"704":0,"705":0,"706":0,"707":0,"708":2,"709":0,"710":0,"711":0,"712":0,"713":0,"714":2},"f":{"0":0,"1":0,"2":0,"3":0,"4":0,"5":0,"6":0,"7":0,"8":0,"9":0,"10":0,"11":0,"12":0,"13":0,"14":0,"15":4,"16":0,"17":0,"18":0,"19":0,"20":0,"21":0,"22":0,"23":0,"24":0,"25":0,"26":0,"27":0,"28":0,"29":0,"30":0,"31":0,"32":0,"33":3,"34":0,"35":0,"36":0,"37":0,"38":0,"39":0,"40":0,"41":0,"42":0,"43":0,"44":0,"45":0,"46":0,"47":0,"48":0,"49":0,"50":0,"51":0,"52":0,"53":0,"54":0,"55":0,"56":0,"57":0,"58":0,"59":0,"60":0,"61":0,"62":0,"63":0,"64":0,"65":0,"66":0,"67":0,"68":0,"69":0,"70":0,"71":0,"72":0,"73":0},"b":{"0":[0,0,0],"1":[0,0],"2":[0,0],"3":[0,0],"4":[0,0],"5":[0,0],"6":[0,0],"7":[0,0],"8":[0,0],"9":[0,0],"10":[0,0],"11":[0,0],"12":[0,0],"13":[0,0],"14":[1,2],"15":[1,1],"16":[0,0],"17":[0,0],"18":[0,0],"19":[0,0],"20":[0,0],"21":[0,0],"22":[0,0],"23":[0,0],"24":[0,0],"25":[0,0],"26":[0,0],"27":[0,0],"28":[0,0],"29":[0,0],"30":[0,0],"31":[0,0],"32":[1,1],"33":[0,1],"34":[0,0],"35":[0,0],"36":[0,0],"37":[0,0],"38":[0,0],"39":[0,0],"40":[0,0],"41":[0,0],"42":[0,0],"43":[0,0],"44":[0,0],"45":[0,0],"46":[0,0],"47":[0,0,0],"48":[0,0,0,0],"49":[0,0,0,0],"50":[0,0],"51":[0,0],"52":[0,0],"53":[0,0],"54":[0,0],"55":[0,0],"56":[0,0],"57":[0,0],"58":[0,0],"59":[0,0],"60":[0,0],"61":[0,0],"62":[0,0],"63":[0,0],"64":[0,0],"65":[0,0],"66":[0,0],"67":[0,0],"68":[0,0],"69":[0,0],"70":[0,0],"71":[0,0],"72":[0,0],"73":[0,0],"74":[0,0],"75":[0,0],"76":[0,0],"77":[0,0],"78":[0,0],"79":[0,0],"80":[0,0],"81":[0,0],"82":[0,0],"83":[0,0],"84":[0,0],"85":[0,0],"86":[0,0]},"_coverageSchema":"1a1c01bbd47fc00a2c39e90264f33305004495a9","hash":"e0b6120442356800ecbdf82f2d57b149d562c78f"}
,"/Users/pierre-richardpascal/boss/back/backupermed/middlewares/auth.js": {"path":"/Users/pierre-richardpascal/boss/back/backupermed/middlewares/auth.js","statementMap":{"0":{"start":{"line":1,"column":12},"end":{"line":1,"column":35}},"1":{"start":{"line":4,"column":23},"end":{"line":4,"column":51}},"2":{"start":{"line":5,"column":18},"end":{"line":5,"column":56}},"3":{"start":{"line":6,"column":4},"end":{"line":6,"column":83}},"4":{"start":{"line":6,"column":23},"end":{"line":6,"column":83}},"5":{"start":{"line":8,"column":4},"end":{"line":12,"column":7}},"6":{"start":{"line":9,"column":6},"end":{"line":9,"column":85}},"7":{"start":{"line":9,"column":15},"end":{"line":9,"column":85}},"8":{"start":{"line":10,"column":6},"end":{"line":10,"column":22}},"9":{"start":{"line":11,"column":6},"end":{"line":11,"column":13}},"10":{"start":{"line":15,"column":0},"end":{"line":15,"column":39}}},"fnMap":{"0":{"name":"authenticateToken","decl":{"start":{"line":3,"column":9},"end":{"line":3,"column":26}},"loc":{"start":{"line":3,"column":43},"end":{"line":13,"column":1}},"line":3},"1":{"name":"(anonymous_1)","decl":{"start":{"line":8,"column":46},"end":{"line":8,"column":47}},"loc":{"start":{"line":8,"column":61},"end":{"line":12,"column":5}},"line":8}},"branchMap":{"0":{"loc":{"start":{"line":5,"column":18},"end":{"line":5,"column":56}},"type":"binary-expr","locations":[{"start":{"line":5,"column":18},"end":{"line":5,"column":28}},{"start":{"line":5,"column":32},"end":{"line":5,"column":56}}],"line":5},"1":{"loc":{"start":{"line":6,"column":4},"end":{"line":6,"column":83}},"type":"if","locations":[{"start":{"line":6,"column":4},"end":{"line":6,"column":83}},{"start":{},"end":{}}],"line":6},"2":{"loc":{"start":{"line":9,"column":6},"end":{"line":9,"column":85}},"type":"if","locations":[{"start":{"line":9,"column":6},"end":{"line":9,"column":85}},{"start":{},"end":{}}],"line":9}},"s":{"0":2,"1":0,"2":0,"3":0,"4":0,"5":0,"6":0,"7":0,"8":0,"9":0,"10":2},"f":{"0":0,"1":0},"b":{"0":[0,0],"1":[0,0],"2":[0,0]},"_coverageSchema":"1a1c01bbd47fc00a2c39e90264f33305004495a9","hash":"063730103f8357a2cd466b34094ce2ebbc2fb31c"}
,"/Users/pierre-richardpascal/boss/back/backupermed/models/BonTransport.js": {"path":"/Users/pierre-richardpascal/boss/back/backupermed/models/BonTransport.js","statementMap":{"0":{"start":{"line":1,"column":29},"end":{"line":1,"column":49}},"1":{"start":{"line":3,"column":0},"end":{"line":47,"column":1}},"2":{"start":{"line":5,"column":2},"end":{"line":38,"column":7}},"3":{"start":{"line":40,"column":2},"end":{"line":45,"column":4}},"4":{"start":{"line":41,"column":4},"end":{"line":44,"column":7}},"5":{"start":{"line":46,"column":0},"end":{"line":46,"column":20}}},"fnMap":{"0":{"name":"(anonymous_0)","decl":{"start":{"line":3,"column":17},"end":{"line":3,"column":18}},"loc":{"start":{"line":3,"column":32},"end":{"line":47,"column":1}},"line":3},"1":{"name":"(anonymous_1)","decl":{"start":{"line":40,"column":27},"end":{"line":40,"column":28}},"loc":{"start":{"line":40,"column":44},"end":{"line":45,"column":3}},"line":40}},"branchMap":{},"s":{"0":2,"1":2,"2":2,"3":2,"4":2,"5":2},"f":{"0":2,"1":2},"b":{},"_coverageSchema":"1a1c01bbd47fc00a2c39e90264f33305004495a9","hash":"70508dcea1050fb72aad6f889b84482de6724415"}
,"/Users/pierre-richardpascal/boss/back/backupermed/models/Disponibilite.js": {"path":"/Users/pierre-richardpascal/boss/back/backupermed/models/Disponibilite.js","statementMap":{"0":{"start":{"line":1,"column":29},"end":{"line":1,"column":49}},"1":{"start":{"line":3,"column":0},"end":{"line":59,"column":1}},"2":{"start":{"line":5,"column":4},"end":{"line":46,"column":5}},"3":{"start":{"line":47,"column":4},"end":{"line":57,"column":6}},"4":{"start":{"line":49,"column":8},"end":{"line":52,"column":11}},"5":{"start":{"line":53,"column":8},"end":{"line":56,"column":11}},"6":{"start":{"line":58,"column":4},"end":{"line":58,"column":25}}},"fnMap":{"0":{"name":"(anonymous_0)","decl":{"start":{"line":3,"column":17},"end":{"line":3,"column":18}},"loc":{"start":{"line":3,"column":32},"end":{"line":59,"column":1}},"line":3},"1":{"name":"(anonymous_1)","decl":{"start":{"line":47,"column":30},"end":{"line":47,"column":31}},"loc":{"start":{"line":47,"column":47},"end":{"line":57,"column":5}},"line":47}},"branchMap":{},"s":{"0":2,"1":2,"2":2,"3":2,"4":2,"5":2,"6":2},"f":{"0":2,"1":2},"b":{},"_coverageSchema":"1a1c01bbd47fc00a2c39e90264f33305004495a9","hash":"432deac92b5aeaaf2104a7ab427e48a14b18473e"}
,"/Users/pierre-richardpascal/boss/back/backupermed/models/Jour.js": {"path":"/Users/pierre-richardpascal/boss/back/backupermed/models/Jour.js","statementMap":{"0":{"start":{"line":1,"column":29},"end":{"line":1,"column":49}},"1":{"start":{"line":3,"column":0},"end":{"line":27,"column":1}},"2":{"start":{"line":5,"column":4},"end":{"line":22,"column":5}},"3":{"start":{"line":23,"column":4},"end":{"line":25,"column":6}},"4":{"start":{"line":24,"column":8},"end":{"line":24,"column":60}},"5":{"start":{"line":26,"column":4},"end":{"line":26,"column":16}}},"fnMap":{"0":{"name":"(anonymous_0)","decl":{"start":{"line":3,"column":17},"end":{"line":3,"column":18}},"loc":{"start":{"line":3,"column":32},"end":{"line":27,"column":1}},"line":3},"1":{"name":"(anonymous_1)","decl":{"start":{"line":23,"column":21},"end":{"line":23,"column":22}},"loc":{"start":{"line":23,"column":33},"end":{"line":25,"column":5}},"line":23}},"branchMap":{},"s":{"0":2,"1":2,"2":2,"3":2,"4":2,"5":2},"f":{"0":2,"1":2},"b":{},"_coverageSchema":"1a1c01bbd47fc00a2c39e90264f33305004495a9","hash":"426a4fa5796e816f21c16ad2f86e5b9ac53d937c"}
,"/Users/pierre-richardpascal/boss/back/backupermed/models/Message.js": {"path":"/Users/pierre-richardpascal/boss/back/backupermed/models/Message.js","statementMap":{"0":{"start":{"line":1,"column":29},"end":{"line":1,"column":49}},"1":{"start":{"line":3,"column":0},"end":{"line":44,"column":1}},"2":{"start":{"line":5,"column":4},"end":{"line":34,"column":6}},"3":{"start":{"line":36,"column":4},"end":{"line":41,"column":5}},"4":{"start":{"line":37,"column":8},"end":{"line":40,"column":11}},"5":{"start":{"line":43,"column":4},"end":{"line":43,"column":19}}},"fnMap":{"0":{"name":"(anonymous_0)","decl":{"start":{"line":3,"column":17},"end":{"line":3,"column":18}},"loc":{"start":{"line":3,"column":32},"end":{"line":44,"column":1}},"line":3},"1":{"name":"(anonymous_1)","decl":{"start":{"line":36,"column":24},"end":{"line":36,"column":25}},"loc":{"start":{"line":36,"column":36},"end":{"line":41,"column":5}},"line":36}},"branchMap":{},"s":{"0":2,"1":2,"2":2,"3":2,"4":2,"5":2},"f":{"0":2,"1":2},"b":{},"_coverageSchema":"1a1c01bbd47fc00a2c39e90264f33305004495a9","hash":"881b285970f599cd7a69db5733b48bb38225631a"}
,"/Users/pierre-richardpascal/boss/back/backupermed/models/fichepermis.js": {"path":"/Users/pierre-richardpascal/boss/back/backupermed/models/fichepermis.js","statementMap":{"0":{"start":{"line":1,"column":29},"end":{"line":1,"column":49}},"1":{"start":{"line":3,"column":0},"end":{"line":42,"column":1}},"2":{"start":{"line":5,"column":4},"end":{"line":34,"column":10}},"3":{"start":{"line":35,"column":8},"end":{"line":40,"column":10}},"4":{"start":{"line":36,"column":12},"end":{"line":39,"column":15}},"5":{"start":{"line":41,"column":4},"end":{"line":41,"column":23}}},"fnMap":{"0":{"name":"(anonymous_0)","decl":{"start":{"line":3,"column":17},"end":{"line":3,"column":18}},"loc":{"start":{"line":3,"column":32},"end":{"line":42,"column":1}},"line":3},"1":{"name":"(anonymous_1)","decl":{"start":{"line":35,"column":32},"end":{"line":35,"column":33}},"loc":{"start":{"line":35,"column":44},"end":{"line":40,"column":9}},"line":35}},"branchMap":{},"s":{"0":2,"1":2,"2":2,"3":2,"4":2,"5":2},"f":{"0":2,"1":2},"b":{},"_coverageSchema":"1a1c01bbd47fc00a2c39e90264f33305004495a9","hash":"6d5de7ff018f04b22a765192b8b0342037519239"}
,"/Users/pierre-richardpascal/boss/back/backupermed/models/ficheuser.js": {"path":"/Users/pierre-richardpascal/boss/back/backupermed/models/ficheuser.js","statementMap":{"0":{"start":{"line":1,"column":29},"end":{"line":1,"column":49}},"1":{"start":{"line":3,"column":0},"end":{"line":116,"column":2}},"2":{"start":{"line":5,"column":4},"end":{"line":86,"column":6}},"3":{"start":{"line":87,"column":4},"end":{"line":113,"column":8}},"4":{"start":{"line":88,"column":8},"end":{"line":91,"column":11}},"5":{"start":{"line":92,"column":8},"end":{"line":95,"column":11}},"6":{"start":{"line":96,"column":8},"end":{"line":99,"column":11}},"7":{"start":{"line":100,"column":8},"end":{"line":103,"column":11}},"8":{"start":{"line":104,"column":8},"end":{"line":106,"column":11}},"9":{"start":{"line":107,"column":8},"end":{"line":110,"column":11}},"10":{"start":{"line":115,"column":2},"end":{"line":115,"column":19}}},"fnMap":{"0":{"name":"(anonymous_0)","decl":{"start":{"line":3,"column":17},"end":{"line":3,"column":18}},"loc":{"start":{"line":3,"column":32},"end":{"line":116,"column":1}},"line":3},"1":{"name":"(anonymous_1)","decl":{"start":{"line":87,"column":26},"end":{"line":87,"column":27}},"loc":{"start":{"line":87,"column":38},"end":{"line":113,"column":7}},"line":87}},"branchMap":{},"s":{"0":2,"1":2,"2":2,"3":2,"4":2,"5":2,"6":2,"7":2,"8":2,"9":2,"10":2},"f":{"0":2,"1":2},"b":{},"_coverageSchema":"1a1c01bbd47fc00a2c39e90264f33305004495a9","hash":"43e39feb962daa7b9ba3feffcd20210a3f6ab93e"}
,"/Users/pierre-richardpascal/boss/back/backupermed/models/fichevehicule.js": {"path":"/Users/pierre-richardpascal/boss/back/backupermed/models/fichevehicule.js","statementMap":{"0":{"start":{"line":1,"column":29},"end":{"line":1,"column":49}},"1":{"start":{"line":3,"column":0},"end":{"line":55,"column":1}},"2":{"start":{"line":5,"column":2},"end":{"line":47,"column":6}},"3":{"start":{"line":48,"column":4},"end":{"line":53,"column":6}},"4":{"start":{"line":49,"column":8},"end":{"line":52,"column":11}},"5":{"start":{"line":54,"column":4},"end":{"line":54,"column":25}}},"fnMap":{"0":{"name":"(anonymous_0)","decl":{"start":{"line":3,"column":17},"end":{"line":3,"column":18}},"loc":{"start":{"line":3,"column":32},"end":{"line":55,"column":1}},"line":3},"1":{"name":"(anonymous_1)","decl":{"start":{"line":48,"column":30},"end":{"line":48,"column":31}},"loc":{"start":{"line":48,"column":42},"end":{"line":53,"column":5}},"line":48}},"branchMap":{},"s":{"0":2,"1":2,"2":2,"3":2,"4":2,"5":2},"f":{"0":2,"1":2},"b":{},"_coverageSchema":"1a1c01bbd47fc00a2c39e90264f33305004495a9","hash":"f9f76354509e079b2f33c45943c42fc997665065"}
,"/Users/pierre-richardpascal/boss/back/backupermed/models/index.js": {"path":"/Users/pierre-richardpascal/boss/back/backupermed/models/index.js","statementMap":{"0":{"start":{"line":1,"column":33},"end":{"line":1,"column":53}},"1":{"start":{"line":2,"column":0},"end":{"line":2,"column":27}},"2":{"start":{"line":3,"column":23},"end":{"line":3,"column":41}},"3":{"start":{"line":4,"column":28},"end":{"line":4,"column":51}},"4":{"start":{"line":5,"column":32},"end":{"line":5,"column":59}},"5":{"start":{"line":6,"column":30},"end":{"line":6,"column":55}},"6":{"start":{"line":7,"column":25},"end":{"line":7,"column":50}},"7":{"start":{"line":8,"column":26},"end":{"line":8,"column":52}},"8":{"start":{"line":9,"column":21},"end":{"line":9,"column":42}},"9":{"start":{"line":10,"column":27},"end":{"line":10,"column":54}},"10":{"start":{"line":11,"column":18},"end":{"line":11,"column":36}},"11":{"start":{"line":15,"column":18},"end":{"line":22,"column":2}},"12":{"start":{"line":25,"column":15},"end":{"line":35,"column":1}},"13":{"start":{"line":37,"column":0},"end":{"line":41,"column":3}},"14":{"start":{"line":38,"column":2},"end":{"line":40,"column":3}},"15":{"start":{"line":39,"column":4},"end":{"line":39,"column":28}},"16":{"start":{"line":44,"column":0},"end":{"line":44,"column":17}},"17":{"start":{"line":46,"column":0},"end":{"line":49,"column":2}}},"fnMap":{"0":{"name":"(anonymous_0)","decl":{"start":{"line":37,"column":30},"end":{"line":37,"column":31}},"loc":{"start":{"line":37,"column":39},"end":{"line":41,"column":1}},"line":37}},"branchMap":{"0":{"loc":{"start":{"line":38,"column":2},"end":{"line":40,"column":3}},"type":"if","locations":[{"start":{"line":38,"column":2},"end":{"line":40,"column":3}},{"start":{},"end":{}}],"line":38}},"s":{"0":2,"1":2,"2":2,"3":2,"4":2,"5":2,"6":2,"7":2,"8":2,"9":2,"10":2,"11":2,"12":2,"13":2,"14":18,"15":16,"16":2,"17":2},"f":{"0":18},"b":{"0":[16,2]},"_coverageSchema":"1a1c01bbd47fc00a2c39e90264f33305004495a9","hash":"d575635ee30957adf247e90768aba9a4597e340f"}
,"/Users/pierre-richardpascal/boss/back/backupermed/models/reservation.js": {"path":"/Users/pierre-richardpascal/boss/back/backupermed/models/reservation.js","statementMap":{"0":{"start":{"line":1,"column":29},"end":{"line":1,"column":49}},"1":{"start":{"line":3,"column":0},"end":{"line":84,"column":1}},"2":{"start":{"line":5,"column":2},"end":{"line":70,"column":6}},"3":{"start":{"line":71,"column":4},"end":{"line":82,"column":5}},"4":{"start":{"line":72,"column":8},"end":{"line":76,"column":10}},"5":{"start":{"line":77,"column":8},"end":{"line":81,"column":10}},"6":{"start":{"line":83,"column":4},"end":{"line":83,"column":23}}},"fnMap":{"0":{"name":"(anonymous_0)","decl":{"start":{"line":3,"column":17},"end":{"line":3,"column":18}},"loc":{"start":{"line":3,"column":32},"end":{"line":84,"column":1}},"line":3},"1":{"name":"(anonymous_1)","decl":{"start":{"line":71,"column":28},"end":{"line":71,"column":29}},"loc":{"start":{"line":71,"column":40},"end":{"line":82,"column":5}},"line":71}},"branchMap":{},"s":{"0":2,"1":2,"2":2,"3":2,"4":2,"5":2,"6":2},"f":{"0":2,"1":2},"b":{},"_coverageSchema":"1a1c01bbd47fc00a2c39e90264f33305004495a9","hash":"4f36b92b8e2e37388050699a254cf4fbfe9ebb5e"}
,"/Users/pierre-richardpascal/boss/back/backupermed/models/users.js": {"path":"/Users/pierre-richardpascal/boss/back/backupermed/models/users.js","statementMap":{"0":{"start":{"line":1,"column":29},"end":{"line":1,"column":49}},"1":{"start":{"line":3,"column":0},"end":{"line":62,"column":2}},"2":{"start":{"line":6,"column":2},"end":{"line":58,"column":5}},"3":{"start":{"line":61,"column":2},"end":{"line":61,"column":14}}},"fnMap":{"0":{"name":"(anonymous_0)","decl":{"start":{"line":3,"column":17},"end":{"line":3,"column":18}},"loc":{"start":{"line":3,"column":32},"end":{"line":62,"column":1}},"line":3}},"branchMap":{},"s":{"0":2,"1":2,"2":2,"3":2},"f":{"0":2},"b":{},"_coverageSchema":"1a1c01bbd47fc00a2c39e90264f33305004495a9","hash":"5d21472fe68d2d95d661f20d0fde6db685111f7c"}
}
