TN:
SF:app.js
FN:29,(anonymous_0)
FN:44,(anonymous_1)
FN:45,(anonymous_2)
FN:47,(anonymous_3)
FN:67,(anonymous_4)
FN:100,(anonymous_5)
FN:129,(anonymous_6)
FN:167,optionalAuthenticateToken
FN:175,(anonymous_8)
FN:188,genererChaineAlphanumeriqueAleatoire
FN:199,sendEmail
FN:208,(anonymous_11)
FN:236,(anonymous_12)
FN:237,(anonymous_13)
FN:248,(anonymous_14)
FN:263,(anonymous_15)
FN:300,(anonymous_16)
FN:332,(anonymous_17)
FN:366,(anonymous_18)
FN:410,(anonymous_19)
FN:435,(anonymous_20)
FN:455,(anonymous_21)
FN:484,(anonymous_22)
FN:517,(anonymous_23)
FN:568,(anonymous_24)
FN:594,(anonymous_25)
FN:620,(anonymous_26)
FN:640,(anonymous_27)
FN:671,(anonymous_28)
FN:693,(anonymous_29)
FN:708,(anonymous_30)
FN:723,(anonymous_31)
FN:753,(anonymous_32)
FN:790,(anonymous_33)
FN:855,(anonymous_34)
FN:871,(anonymous_35)
FN:898,(anonymous_36)
FN:921,(anonymous_37)
FN:945,(anonymous_38)
FN:970,(anonymous_39)
FN:993,(anonymous_40)
FN:1031,(anonymous_41)
FN:1060,(anonymous_42)
FN:1102,(anonymous_43)
FN:1122,(anonymous_44)
FN:1176,(anonymous_45)
FN:1200,(anonymous_46)
FN:1220,(anonymous_47)
FN:1274,(anonymous_48)
FN:1295,(anonymous_49)
FN:1299,(anonymous_50)
FN:1307,(anonymous_51)
FN:1341,(anonymous_52)
FN:1384,(anonymous_53)
FN:1415,(anonymous_54)
FN:1428,(anonymous_55)
FN:1443,(anonymous_56)
FN:1462,(anonymous_57)
FN:1484,(anonymous_58)
FN:1545,(anonymous_59)
FN:1669,(anonymous_60)
FN:1687,(anonymous_61)
FN:1701,(anonymous_62)
FN:1717,(anonymous_63)
FN:1728,(anonymous_64)
FN:1742,(anonymous_65)
FN:1759,(anonymous_66)
FN:1773,(anonymous_67)
FN:1787,(anonymous_68)
FN:1801,(anonymous_69)
FN:1815,(anonymous_70)
FN:1833,(anonymous_71)
FN:1849,(anonymous_72)
FN:1858,(anonymous_73)
FNF:74
FNH:2
FNDA:0,(anonymous_0)
FNDA:0,(anonymous_1)
FNDA:0,(anonymous_2)
FNDA:0,(anonymous_3)
FNDA:0,(anonymous_4)
FNDA:0,(anonymous_5)
FNDA:0,(anonymous_6)
FNDA:0,optionalAuthenticateToken
FNDA:0,(anonymous_8)
FNDA:0,genererChaineAlphanumeriqueAleatoire
FNDA:0,sendEmail
FNDA:0,(anonymous_11)
FNDA:0,(anonymous_12)
FNDA:0,(anonymous_13)
FNDA:0,(anonymous_14)
FNDA:4,(anonymous_15)
FNDA:0,(anonymous_16)
FNDA:0,(anonymous_17)
FNDA:0,(anonymous_18)
FNDA:0,(anonymous_19)
FNDA:0,(anonymous_20)
FNDA:0,(anonymous_21)
FNDA:0,(anonymous_22)
FNDA:0,(anonymous_23)
FNDA:0,(anonymous_24)
FNDA:0,(anonymous_25)
FNDA:0,(anonymous_26)
FNDA:0,(anonymous_27)
FNDA:0,(anonymous_28)
FNDA:0,(anonymous_29)
FNDA:0,(anonymous_30)
FNDA:0,(anonymous_31)
FNDA:0,(anonymous_32)
FNDA:3,(anonymous_33)
FNDA:0,(anonymous_34)
FNDA:0,(anonymous_35)
FNDA:0,(anonymous_36)
FNDA:0,(anonymous_37)
FNDA:0,(anonymous_38)
FNDA:0,(anonymous_39)
FNDA:0,(anonymous_40)
FNDA:0,(anonymous_41)
FNDA:0,(anonymous_42)
FNDA:0,(anonymous_43)
FNDA:0,(anonymous_44)
FNDA:0,(anonymous_45)
FNDA:0,(anonymous_46)
FNDA:0,(anonymous_47)
FNDA:0,(anonymous_48)
FNDA:0,(anonymous_49)
FNDA:0,(anonymous_50)
FNDA:0,(anonymous_51)
FNDA:0,(anonymous_52)
FNDA:0,(anonymous_53)
FNDA:0,(anonymous_54)
FNDA:0,(anonymous_55)
FNDA:0,(anonymous_56)
FNDA:0,(anonymous_57)
FNDA:0,(anonymous_58)
FNDA:0,(anonymous_59)
FNDA:0,(anonymous_60)
FNDA:0,(anonymous_61)
FNDA:0,(anonymous_62)
FNDA:0,(anonymous_63)
FNDA:0,(anonymous_64)
FNDA:0,(anonymous_65)
FNDA:0,(anonymous_66)
FNDA:0,(anonymous_67)
FNDA:0,(anonymous_68)
FNDA:0,(anonymous_69)
FNDA:0,(anonymous_70)
FNDA:0,(anonymous_71)
FNDA:0,(anonymous_72)
FNDA:0,(anonymous_73)
DA:1,2
DA:2,2
DA:3,2
DA:4,2
DA:5,2
DA:6,2
DA:7,2
DA:8,2
DA:9,2
DA:10,2
DA:11,2
DA:12,2
DA:13,2
DA:14,2
DA:15,2
DA:16,2
DA:17,2
DA:18,2
DA:20,2
DA:21,2
DA:24,2
DA:25,2
DA:28,2
DA:30,0
DA:32,0
DA:33,0
DA:36,0
DA:37,0
DA:40,0
DA:43,0
DA:44,0
DA:45,0
DA:48,0
DA:49,0
DA:50,0
DA:51,0
DA:54,0
DA:55,0
DA:57,0
DA:60,0
DA:61,0
DA:62,0
DA:67,2
DA:69,0
DA:70,0
DA:72,0
DA:73,0
DA:75,0
DA:80,2
DA:85,2
DA:93,2
DA:96,2
DA:99,2
DA:101,0
DA:102,0
DA:103,0
DA:104,0
DA:105,0
DA:108,0
DA:109,0
DA:110,0
DA:111,0
DA:114,0
DA:115,0
DA:116,0
DA:119,0
DA:120,0
DA:123,0
DA:124,0
DA:126,0
DA:130,0
DA:131,0
DA:132,0
DA:133,0
DA:134,0
DA:138,2
DA:150,2
DA:151,2
DA:152,2
DA:153,2
DA:154,2
DA:156,2
DA:157,2
DA:158,2
DA:168,0
DA:169,0
DA:171,0
DA:172,0
DA:175,0
DA:176,0
DA:177,0
DA:178,0
DA:181,0
DA:182,0
DA:189,0
DA:190,0
DA:191,0
DA:192,0
DA:193,0
DA:195,0
DA:200,0
DA:208,0
DA:209,0
DA:210,0
DA:211,0
DA:215,0
DA:220,0
DA:221,0
DA:228,0
DA:230,0
DA:236,2
DA:237,2
DA:238,0
DA:239,0
DA:240,0
DA:241,0
DA:242,0
DA:243,0
DA:245,0
DA:248,2
DA:249,0
DA:251,0
DA:257,0
DA:259,0
DA:263,2
DA:264,4
DA:265,4
DA:266,4
DA:268,4
DA:269,3
DA:271,3
DA:272,1
DA:275,2
DA:276,2
DA:278,2
DA:279,1
DA:282,1
DA:283,1
DA:285,1
DA:290,1
DA:292,1
DA:294,1
DA:295,1
DA:300,2
DA:301,0
DA:302,0
DA:304,0
DA:305,0
DA:306,0
DA:309,0
DA:310,0
DA:315,0
DA:316,0
DA:317,0
DA:318,0
DA:319,0
DA:320,0
DA:325,0
DA:326,0
DA:328,0
DA:332,2
DA:333,0
DA:334,0
DA:335,0
DA:337,0
DA:339,0
DA:340,0
DA:342,0
DA:360,0
DA:362,0
DA:366,2
DA:367,0
DA:368,0
DA:370,0
DA:372,0
DA:375,0
DA:376,0
DA:380,0
DA:401,0
DA:403,0
DA:404,0
DA:410,2
DA:411,0
DA:412,0
DA:415,0
DA:416,0
DA:417,0
DA:420,0
DA:423,0
DA:428,0
DA:430,0
DA:435,2
DA:436,0
DA:437,0
DA:440,0
DA:441,0
DA:442,0
DA:445,0
DA:449,0
DA:451,0
DA:455,2
DA:456,0
DA:457,0
DA:458,0
DA:460,0
DA:461,0
DA:462,0
DA:465,0
DA:466,0
DA:467,0
DA:470,0
DA:478,0
DA:480,0
DA:484,2
DA:485,0
DA:486,0
DA:487,0
DA:489,0
DA:490,0
DA:491,0
DA:494,0
DA:495,0
DA:496,0
DA:499,0
DA:509,0
DA:511,0
DA:517,2
DA:518,0
DA:519,0
DA:521,0
DA:522,0
DA:523,0
DA:525,0
DA:528,0
DA:560,0
DA:562,0
DA:568,2
DA:570,0
DA:571,0
DA:572,0
DA:573,0
DA:574,0
DA:575,0
DA:576,0
DA:577,0
DA:582,0
DA:583,0
DA:588,0
DA:590,0
DA:594,2
DA:595,0
DA:596,0
DA:597,0
DA:598,0
DA:599,0
DA:600,0
DA:605,0
DA:607,0
DA:612,0
DA:614,0
DA:620,2
DA:621,0
DA:622,0
DA:623,0
DA:636,0
DA:640,2
DA:641,0
DA:642,0
DA:645,0
DA:646,0
DA:651,0
DA:659,0
DA:663,0
DA:667,0
DA:671,2
DA:672,0
DA:673,0
DA:685,0
DA:689,0
DA:693,2
DA:694,0
DA:695,0
DA:699,0
DA:703,0
DA:708,2
DA:709,0
DA:710,0
DA:714,0
DA:718,0
DA:723,2
DA:724,0
DA:726,0
DA:728,0
DA:730,0
DA:731,0
DA:732,0
DA:733,0
DA:737,0
DA:743,0
DA:746,0
DA:748,0
DA:753,2
DA:754,0
DA:755,0
DA:756,0
DA:765,0
DA:766,0
DA:770,0
DA:773,0
DA:782,0
DA:784,0
DA:790,2
DA:791,3
DA:792,3
DA:793,3
DA:794,3
DA:795,2
DA:796,2
DA:797,2
DA:798,1
DA:806,1
DA:822,1
DA:823,0
DA:824,0
DA:826,0
DA:841,0
DA:848,1
DA:850,1
DA:851,1
DA:855,2
DA:856,0
DA:857,0
DA:858,0
DA:859,0
DA:860,0
DA:861,0
DA:863,0
DA:866,0
DA:867,0
DA:871,2
DA:872,0
DA:873,0
DA:876,0
DA:878,0
DA:879,0
DA:884,0
DA:889,0
DA:891,0
DA:892,0
DA:898,2
DA:899,0
DA:900,0
DA:901,0
DA:902,0
DA:903,0
DA:911,0
DA:913,0
DA:916,0
DA:921,2
DA:922,0
DA:923,0
DA:924,0
DA:925,0
DA:926,0
DA:934,0
DA:936,0
DA:939,0
DA:945,2
DA:946,0
DA:947,0
DA:948,0
DA:949,0
DA:950,0
DA:952,0
DA:953,0
DA:954,0
DA:960,0
DA:962,0
DA:965,0
DA:970,2
DA:971,0
DA:972,0
DA:973,0
DA:974,0
DA:975,0
DA:976,0
DA:983,0
DA:985,0
DA:988,0
DA:993,2
DA:994,0
DA:995,0
DA:996,0
DA:999,0
DA:1000,0
DA:1004,0
DA:1010,0
DA:1015,0
DA:1021,0
DA:1023,0
DA:1026,0
DA:1031,2
DA:1032,0
DA:1033,0
DA:1034,0
DA:1037,0
DA:1043,0
DA:1044,0
DA:1051,0
DA:1053,0
DA:1056,0
DA:1060,2
DA:1061,0
DA:1063,0
DA:1064,0
DA:1077,0
DA:1079,0
DA:1081,0
DA:1083,0
DA:1084,0
DA:1089,0
DA:1091,0
DA:1093,0
DA:1096,0
DA:1097,0
DA:1102,2
DA:1103,0
DA:1104,0
DA:1105,0
DA:1106,0
DA:1108,0
DA:1109,0
DA:1122,0
DA:1127,0
DA:1129,0
DA:1131,0
DA:1134,0
DA:1135,0
DA:1143,0
DA:1145,0
DA:1147,0
DA:1149,0
DA:1151,0
DA:1176,0
DA:1184,0
DA:1186,0
DA:1188,0
DA:1191,0
DA:1192,0
DA:1200,2
DA:1201,0
DA:1202,0
DA:1203,0
DA:1204,0
DA:1206,0
DA:1207,0
DA:1220,0
DA:1225,0
DA:1227,0
DA:1229,0
DA:1232,0
DA:1233,0
DA:1241,0
DA:1243,0
DA:1245,0
DA:1247,0
DA:1249,0
DA:1274,0
DA:1282,0
DA:1284,0
DA:1286,0
DA:1289,0
DA:1290,0
DA:1295,2
DA:1296,0
DA:1297,0
DA:1299,0
DA:1300,0
DA:1301,0
DA:1307,2
DA:1311,0
DA:1313,0
DA:1314,0
DA:1316,0
DA:1319,0
DA:1321,0
DA:1323,0
DA:1324,0
DA:1334,0
DA:1336,0
DA:1341,2
DA:1342,0
DA:1344,0
DA:1346,0
DA:1348,0
DA:1349,0
DA:1353,0
DA:1355,0
DA:1356,0
DA:1359,0
DA:1360,0
DA:1364,0
DA:1368,0
DA:1369,0
DA:1370,0
DA:1371,0
DA:1372,0
DA:1375,0
DA:1377,0
DA:1379,0
DA:1384,2
DA:1386,0
DA:1388,0
DA:1390,0
DA:1391,0
DA:1397,0
DA:1405,0
DA:1406,0
DA:1409,0
DA:1411,0
DA:1415,2
DA:1416,0
DA:1417,0
DA:1420,0
DA:1428,0
DA:1431,0
DA:1443,0
DA:1445,0
DA:1457,0
DA:1458,0
DA:1462,2
DA:1463,0
DA:1464,0
DA:1466,0
DA:1467,0
DA:1470,0
DA:1476,0
DA:1478,0
DA:1479,0
DA:1484,2
DA:1485,0
DA:1486,0
DA:1489,0
DA:1490,0
DA:1493,0
DA:1494,0
DA:1495,0
DA:1498,0
DA:1499,0
DA:1505,0
DA:1514,0
DA:1515,0
DA:1517,0
DA:1518,0
DA:1519,0
DA:1520,0
DA:1526,0
DA:1527,0
DA:1530,0
DA:1531,0
DA:1536,2
DA:1546,0
DA:1547,0
DA:1548,0
DA:1549,0
DA:1550,0
DA:1552,0
DA:1553,0
DA:1555,0
DA:1556,0
DA:1558,0
DA:1570,0
DA:1577,0
DA:1588,0
DA:1590,0
DA:1591,0
DA:1593,0
DA:1594,0
DA:1598,0
DA:1599,0
DA:1604,0
DA:1609,0
DA:1618,0
DA:1624,0
DA:1625,0
DA:1626,0
DA:1631,0
DA:1633,0
DA:1639,0
DA:1641,0
DA:1642,0
DA:1645,0
DA:1646,0
DA:1647,0
DA:1652,0
DA:1654,0
DA:1660,0
DA:1664,0
DA:1665,0
DA:1669,2
DA:1671,0
DA:1672,0
DA:1673,0
DA:1676,0
DA:1677,0
DA:1678,0
DA:1682,0
DA:1683,0
DA:1684,0
DA:1687,0
DA:1688,0
DA:1691,0
DA:1694,0
DA:1697,0
DA:1701,2
DA:1702,0
DA:1704,0
DA:1705,0
DA:1707,0
DA:1708,0
DA:1709,0
DA:1713,0
DA:1714,0
DA:1717,0
DA:1718,0
DA:1719,0
DA:1720,0
DA:1724,0
DA:1725,0
DA:1728,0
DA:1729,0
DA:1730,0
DA:1731,0
DA:1736,0
DA:1737,0
DA:1741,2
DA:1743,0
DA:1744,0
DA:1745,0
DA:1747,0
DA:1748,0
DA:1752,0
DA:1753,0
DA:1754,0
DA:1755,0
DA:1759,2
DA:1760,0
DA:1762,0
DA:1766,0
DA:1768,0
DA:1769,0
DA:1773,2
DA:1774,0
DA:1776,0
DA:1780,0
DA:1782,0
DA:1783,0
DA:1787,2
DA:1788,0
DA:1790,0
DA:1791,0
DA:1793,0
DA:1795,0
DA:1796,0
DA:1801,2
DA:1802,0
DA:1803,0
DA:1804,0
DA:1806,0
DA:1807,0
DA:1808,0
DA:1809,0
DA:1811,0
DA:1815,2
DA:1816,0
DA:1817,0
DA:1818,0
DA:1820,0
DA:1821,0
DA:1822,0
DA:1823,0
DA:1824,0
DA:1826,0
DA:1833,2
DA:1834,0
DA:1835,0
DA:1836,0
DA:1837,0
DA:1838,0
DA:1839,0
DA:1842,0
DA:1844,0
DA:1845,0
DA:1849,2
DA:1850,0
DA:1851,0
DA:1852,0
DA:1854,0
DA:1858,2
DA:1859,0
DA:1861,0
DA:1862,0
DA:1867,0
DA:1869,0
DA:1874,2
LF:705
LH:122
BRDA:33,0,0,0
BRDA:33,0,1,0
BRDA:33,0,2,0
BRDA:36,1,0,0
BRDA:36,1,1,0
BRDA:36,2,0,0
BRDA:36,2,1,0
BRDA:54,3,0,0
BRDA:54,3,1,0
BRDA:70,4,0,0
BRDA:70,4,1,0
BRDA:72,5,0,0
BRDA:72,5,1,0
BRDA:104,6,0,0
BRDA:104,6,1,0
BRDA:110,7,0,0
BRDA:110,7,1,0
BRDA:115,8,0,0
BRDA:115,8,1,0
BRDA:169,9,0,0
BRDA:169,9,1,0
BRDA:171,10,0,0
BRDA:171,10,1,0
BRDA:176,11,0,0
BRDA:176,11,1,0
BRDA:209,12,0,0
BRDA:209,12,1,0
BRDA:236,13,0,0
BRDA:236,13,1,0
BRDA:271,14,0,1
BRDA:271,14,1,2
BRDA:278,15,0,1
BRDA:278,15,1,1
BRDA:305,16,0,0
BRDA:305,16,1,0
BRDA:337,17,0,0
BRDA:337,17,1,0
BRDA:337,18,0,0
BRDA:337,18,1,0
BRDA:339,19,0,0
BRDA:339,19,1,0
BRDA:375,20,0,0
BRDA:375,20,1,0
BRDA:416,21,0,0
BRDA:416,21,1,0
BRDA:441,22,0,0
BRDA:441,22,1,0
BRDA:461,23,0,0
BRDA:461,23,1,0
BRDA:466,24,0,0
BRDA:466,24,1,0
BRDA:490,25,0,0
BRDA:490,25,1,0
BRDA:495,26,0,0
BRDA:495,26,1,0
BRDA:521,27,0,0
BRDA:521,27,1,0
BRDA:523,28,0,0
BRDA:523,28,1,0
BRDA:645,29,0,0
BRDA:645,29,1,0
BRDA:732,30,0,0
BRDA:732,30,1,0
BRDA:765,31,0,0
BRDA:765,31,1,0
BRDA:797,32,0,1
BRDA:797,32,1,1
BRDA:822,33,0,0
BRDA:822,33,1,1
BRDA:859,34,0,0
BRDA:859,34,1,0
BRDA:859,35,0,0
BRDA:859,35,1,0
BRDA:878,36,0,0
BRDA:878,36,1,0
BRDA:899,37,0,0
BRDA:899,37,1,0
BRDA:922,38,0,0
BRDA:922,38,1,0
BRDA:946,39,0,0
BRDA:946,39,1,0
BRDA:949,40,0,0
BRDA:949,40,1,0
BRDA:971,41,0,0
BRDA:971,41,1,0
BRDA:994,42,0,0
BRDA:994,42,1,0
BRDA:999,43,0,0
BRDA:999,43,1,0
BRDA:999,44,0,0
BRDA:999,44,1,0
BRDA:1032,45,0,0
BRDA:1032,45,1,0
BRDA:1043,46,0,0
BRDA:1043,46,1,0
BRDA:1061,47,0,0
BRDA:1061,47,1,0
BRDA:1061,47,2,0
BRDA:1106,48,0,0
BRDA:1106,48,1,0
BRDA:1106,48,2,0
BRDA:1106,48,3,0
BRDA:1204,49,0,0
BRDA:1204,49,1,0
BRDA:1204,49,2,0
BRDA:1204,49,3,0
BRDA:1300,50,0,0
BRDA:1300,50,1,0
BRDA:1311,51,0,0
BRDA:1311,51,1,0
BRDA:1314,52,0,0
BRDA:1314,52,1,0
BRDA:1348,53,0,0
BRDA:1348,53,1,0
BRDA:1353,54,0,0
BRDA:1353,54,1,0
BRDA:1353,55,0,0
BRDA:1353,55,1,0
BRDA:1356,56,0,0
BRDA:1356,56,1,0
BRDA:1359,57,0,0
BRDA:1359,57,1,0
BRDA:1368,58,0,0
BRDA:1368,58,1,0
BRDA:1369,59,0,0
BRDA:1369,59,1,0
BRDA:1370,60,0,0
BRDA:1370,60,1,0
BRDA:1371,61,0,0
BRDA:1371,61,1,0
BRDA:1372,62,0,0
BRDA:1372,62,1,0
BRDA:1386,63,0,0
BRDA:1386,63,1,0
BRDA:1390,64,0,0
BRDA:1390,64,1,0
BRDA:1390,65,0,0
BRDA:1390,65,1,0
BRDA:1405,66,0,0
BRDA:1405,66,1,0
BRDA:1463,67,0,0
BRDA:1463,67,1,0
BRDA:1485,68,0,0
BRDA:1485,68,1,0
BRDA:1494,69,0,0
BRDA:1494,69,1,0
BRDA:1514,70,0,0
BRDA:1514,70,1,0
BRDA:1550,71,0,0
BRDA:1550,71,1,0
BRDA:1556,72,0,0
BRDA:1556,72,1,0
BRDA:1567,73,0,0
BRDA:1567,73,1,0
BRDA:1588,74,0,0
BRDA:1588,74,1,0
BRDA:1588,75,0,0
BRDA:1588,75,1,0
BRDA:1593,76,0,0
BRDA:1593,76,1,0
BRDA:1672,77,0,0
BRDA:1672,77,1,0
BRDA:1677,78,0,0
BRDA:1677,78,1,0
BRDA:1707,79,0,0
BRDA:1707,79,1,0
BRDA:1707,80,0,0
BRDA:1707,80,1,0
BRDA:1718,81,0,0
BRDA:1718,81,1,0
BRDA:1729,82,0,0
BRDA:1729,82,1,0
BRDA:1747,83,0,0
BRDA:1747,83,1,0
BRDA:1804,84,0,0
BRDA:1804,84,1,0
BRDA:1817,85,0,0
BRDA:1817,85,1,0
BRDA:1838,86,0,0
BRDA:1838,86,1,0
BRF:180
BRH:7
end_of_record
TN:
SF:middlewares/auth.js
FN:3,authenticateToken
FN:8,(anonymous_1)
FNF:2
FNH:0
FNDA:0,authenticateToken
FNDA:0,(anonymous_1)
DA:1,2
DA:4,0
DA:5,0
DA:6,0
DA:8,0
DA:9,0
DA:10,0
DA:11,0
DA:15,2
LF:9
LH:2
BRDA:5,0,0,0
BRDA:5,0,1,0
BRDA:6,1,0,0
BRDA:6,1,1,0
BRDA:9,2,0,0
BRDA:9,2,1,0
BRF:6
BRH:0
end_of_record
TN:
SF:models/BonTransport.js
FN:3,(anonymous_0)
FN:40,(anonymous_1)
FNF:2
FNH:2
FNDA:2,(anonymous_0)
FNDA:2,(anonymous_1)
DA:1,2
DA:3,2
DA:5,2
DA:40,2
DA:41,2
DA:46,2
LF:6
LH:6
BRF:0
BRH:0
end_of_record
TN:
SF:models/Disponibilite.js
FN:3,(anonymous_0)
FN:47,(anonymous_1)
FNF:2
FNH:2
FNDA:2,(anonymous_0)
FNDA:2,(anonymous_1)
DA:1,2
DA:3,2
DA:5,2
DA:47,2
DA:49,2
DA:53,2
DA:58,2
LF:7
LH:7
BRF:0
BRH:0
end_of_record
TN:
SF:models/Jour.js
FN:3,(anonymous_0)
FN:23,(anonymous_1)
FNF:2
FNH:2
FNDA:2,(anonymous_0)
FNDA:2,(anonymous_1)
DA:1,2
DA:3,2
DA:5,2
DA:23,2
DA:24,2
DA:26,2
LF:6
LH:6
BRF:0
BRH:0
end_of_record
TN:
SF:models/Message.js
FN:3,(anonymous_0)
FN:36,(anonymous_1)
FNF:2
FNH:2
FNDA:2,(anonymous_0)
FNDA:2,(anonymous_1)
DA:1,2
DA:3,2
DA:5,2
DA:36,2
DA:37,2
DA:43,2
LF:6
LH:6
BRF:0
BRH:0
end_of_record
TN:
SF:models/fichepermis.js
FN:3,(anonymous_0)
FN:35,(anonymous_1)
FNF:2
FNH:2
FNDA:2,(anonymous_0)
FNDA:2,(anonymous_1)
DA:1,2
DA:3,2
DA:5,2
DA:35,2
DA:36,2
DA:41,2
LF:6
LH:6
BRF:0
BRH:0
end_of_record
TN:
SF:models/ficheuser.js
FN:3,(anonymous_0)
FN:87,(anonymous_1)
FNF:2
FNH:2
FNDA:2,(anonymous_0)
FNDA:2,(anonymous_1)
DA:1,2
DA:3,2
DA:5,2
DA:87,2
DA:88,2
DA:92,2
DA:96,2
DA:100,2
DA:104,2
DA:107,2
DA:115,2
LF:11
LH:11
BRF:0
BRH:0
end_of_record
TN:
SF:models/fichevehicule.js
FN:3,(anonymous_0)
FN:48,(anonymous_1)
FNF:2
FNH:2
FNDA:2,(anonymous_0)
FNDA:2,(anonymous_1)
DA:1,2
DA:3,2
DA:5,2
DA:48,2
DA:49,2
DA:54,2
LF:6
LH:6
BRF:0
BRH:0
end_of_record
TN:
SF:models/index.js
FN:37,(anonymous_0)
FNF:1
FNH:1
FNDA:18,(anonymous_0)
DA:1,2
DA:2,2
DA:3,2
DA:4,2
DA:5,2
DA:6,2
DA:7,2
DA:8,2
DA:9,2
DA:10,2
DA:11,2
DA:15,2
DA:25,2
DA:37,2
DA:38,18
DA:39,16
DA:44,2
DA:46,2
LF:18
LH:18
BRDA:38,0,0,16
BRDA:38,0,1,2
BRF:2
BRH:2
end_of_record
TN:
SF:models/reservation.js
FN:3,(anonymous_0)
FN:71,(anonymous_1)
FNF:2
FNH:2
FNDA:2,(anonymous_0)
FNDA:2,(anonymous_1)
DA:1,2
DA:3,2
DA:5,2
DA:71,2
DA:72,2
DA:77,2
DA:83,2
LF:7
LH:7
BRF:0
BRH:0
end_of_record
TN:
SF:models/users.js
FN:3,(anonymous_0)
FNF:1
FNH:1
FNDA:2,(anonymous_0)
DA:1,2
DA:3,2
DA:6,2
DA:61,2
LF:4
LH:4
BRF:0
BRH:0
end_of_record
